../22dataset_SIN_muts_YAML/Models/boltz_results_1KNE/predictions/1KNE/confidence_1KNE_model_1.json
../22dataset_SIN_muts_YAML/Models/boltz_results_1KNE/predictions/1KNE/confidence_1KNE_model_17.json
../22dataset_SIN_muts_YAML/Models/boltz_results_1KNE/predictions/1KNE/confidence_1KNE_model_30.json
../22dataset_SIN_muts_YAML/Models/boltz_results_1KNE/predictions/1KNE/confidence_1KNE_model_7.json
../22dataset_SIN_muts_YAML/Models/boltz_results_1KNE/predictions/1KNE/confidence_1KNE_model_42.json
../22dataset_SIN_muts_YAML/Models/boltz_results_1KNE/predictions/1KNE/confidence_1KNE_model_4.json
../22dataset_SIN_muts_YAML/Models/boltz_results_1KNE/predictions/1KNE/confidence_1KNE_model_20.json
../22dataset_SIN_muts_YAML/Models/boltz_results_1KNE/predictions/1KNE/confidence_1KNE_model_34.json
../22dataset_SIN_muts_YAML/Models/boltz_results_1KNE/predictions/1KNE/confidence_1KNE_model_25.json
../22dataset_SIN_muts_YAML/Models/boltz_results_1KNE/predictions/1KNE/confidence_1KNE_model_21.json
../22dataset_SIN_muts_YAML/Models/boltz_results_1KNE/predictions/1KNE/confidence_1KNE_model_46.json
../22dataset_SIN_muts_YAML/Models/boltz_results_1KNE/predictions/1KNE/confidence_1KNE_model_47.json
../22dataset_SIN_muts_YAML/Models/boltz_results_1KNE/predictions/1KNE/confidence_1KNE_model_11.json
../22dataset_SIN_muts_YAML/Models/boltz_results_1KNE/predictions/1KNE/confidence_1KNE_model_49.json
../22dataset_SIN_muts_YAML/Models/boltz_results_1KNE/predictions/1KNE/confidence_1KNE_model_9.json
../22dataset_SIN_muts_YAML/Models/boltz_results_1KNE/predictions/1KNE/confidence_1KNE_model_2.json
../22dataset_SIN_muts_YAML/Models/boltz_results_1KNE/predictions/1KNE/confidence_1KNE_model_15.json
../22dataset_SIN_muts_YAML/Models/boltz_results_1KNE/predictions/1KNE/confidence_1KNE_model_26.json
../22dataset_SIN_muts_YAML/Models/boltz_results_1KNE/predictions/1KNE/confidence_1KNE_model_0.json
../22dataset_SIN_muts_YAML/Models/boltz_results_1KNE/predictions/1KNE/confidence_1KNE_model_10.json
../22dataset_SIN_muts_YAML/Models/boltz_results_1KNE/predictions/1KNE/confidence_1KNE_model_39.json
../22dataset_SIN_muts_YAML/Models/boltz_results_1KNE/predictions/1KNE/confidence_1KNE_model_43.json
../22dataset_SIN_muts_YAML/Models/boltz_results_1KNE/predictions/1KNE/confidence_1KNE_model_18.json
../22dataset_SIN_muts_YAML/Models/boltz_results_1KNE/predictions/1KNE/confidence_1KNE_model_23.json
../22dataset_SIN_muts_YAML/Models/boltz_results_1KNE/predictions/1KNE/confidence_1KNE_model_32.json
../22dataset_SIN_muts_YAML/Models/boltz_results_1KNE/predictions/1KNE/confidence_1KNE_model_40.json
../22dataset_SIN_muts_YAML/Models/boltz_results_1KNE/predictions/1KNE/confidence_1KNE_model_14.json
../22dataset_SIN_muts_YAML/Models/boltz_results_1KNE/predictions/1KNE/confidence_1KNE_model_12.json
../22dataset_SIN_muts_YAML/Models/boltz_results_1KNE/predictions/1KNE/confidence_1KNE_model_16.json
../22dataset_SIN_muts_YAML/Models/boltz_results_1KNE/predictions/1KNE/confidence_1KNE_model_37.json
../22dataset_SIN_muts_YAML/Models/boltz_results_1KNE/predictions/1KNE/confidence_1KNE_model_45.json
../22dataset_SIN_muts_YAML/Models/boltz_results_1KNE/predictions/1KNE/confidence_1KNE_model_48.json
../22dataset_SIN_muts_YAML/Models/boltz_results_1KNE/predictions/1KNE/confidence_1KNE_model_33.json
../22dataset_SIN_muts_YAML/Models/boltz_results_1KNE/predictions/1KNE/confidence_1KNE_model_24.json
../22dataset_SIN_muts_YAML/Models/boltz_results_1KNE/predictions/1KNE/confidence_1KNE_model_36.json
../22dataset_SIN_muts_YAML/Models/boltz_results_1KNE/predictions/1KNE/confidence_1KNE_model_28.json
../22dataset_SIN_muts_YAML/Models/boltz_results_1KNE/predictions/1KNE/confidence_1KNE_model_22.json
../22dataset_SIN_muts_YAML/Models/boltz_results_1KNE/predictions/1KNE/confidence_1KNE_model_31.json
../22dataset_SIN_muts_YAML/Models/boltz_results_1KNE/predictions/1KNE/confidence_1KNE_model_19.json
../22dataset_SIN_muts_YAML/Models/boltz_results_1KNE/predictions/1KNE/confidence_1KNE_model_13.json
../22dataset_SIN_muts_YAML/Models/boltz_results_1KNE/predictions/1KNE/confidence_1KNE_model_41.json
../22dataset_SIN_muts_YAML/Models/boltz_results_1KNE/predictions/1KNE/confidence_1KNE_model_5.json
../22dataset_SIN_muts_YAML/Models/boltz_results_1KNE/predictions/1KNE/confidence_1KNE_model_27.json
../22dataset_SIN_muts_YAML/Models/boltz_results_1KNE/predictions/1KNE/confidence_1KNE_model_29.json
../22dataset_SIN_muts_YAML/Models/boltz_results_1KNE/predictions/1KNE/confidence_1KNE_model_44.json
../22dataset_SIN_muts_YAML/Models/boltz_results_1KNE/predictions/1KNE/confidence_1KNE_model_38.json
../22dataset_SIN_muts_YAML/Models/boltz_results_1KNE/predictions/1KNE/confidence_1KNE_model_6.json
../22dataset_SIN_muts_YAML/Models/boltz_results_1KNE/predictions/1KNE/confidence_1KNE_model_8.json
../22dataset_SIN_muts_YAML/Models/boltz_results_1KNE/predictions/1KNE/confidence_1KNE_model_35.json
../22dataset_SIN_muts_YAML/Models/boltz_results_1KNE/predictions/1KNE/confidence_1KNE_model_3.json
../22dataset_SIN_muts_YAML/Models/boltz_results_1LFD/predictions/1LFD/confidence_1LFD_model_39.json
../22dataset_SIN_muts_YAML/Models/boltz_results_1LFD/predictions/1LFD/confidence_1LFD_model_1.json
../22dataset_SIN_muts_YAML/Models/boltz_results_1LFD/predictions/1LFD/confidence_1LFD_model_28.json
../22dataset_SIN_muts_YAML/Models/boltz_results_1LFD/predictions/1LFD/confidence_1LFD_model_2.json
../22dataset_SIN_muts_YAML/Models/boltz_results_1LFD/predictions/1LFD/confidence_1LFD_model_43.json
../22dataset_SIN_muts_YAML/Models/boltz_results_1LFD/predictions/1LFD/confidence_1LFD_model_33.json
../22dataset_SIN_muts_YAML/Models/boltz_results_1LFD/predictions/1LFD/confidence_1LFD_model_44.json
../22dataset_SIN_muts_YAML/Models/boltz_results_1LFD/predictions/1LFD/confidence_1LFD_model_3.json
../22dataset_SIN_muts_YAML/Models/boltz_results_1LFD/predictions/1LFD/confidence_1LFD_model_5.json
../22dataset_SIN_muts_YAML/Models/boltz_results_1LFD/predictions/1LFD/confidence_1LFD_model_21.json
../22dataset_SIN_muts_YAML/Models/boltz_results_1LFD/predictions/1LFD/confidence_1LFD_model_10.json
../22dataset_SIN_muts_YAML/Models/boltz_results_1LFD/predictions/1LFD/confidence_1LFD_model_36.json
../22dataset_SIN_muts_YAML/Models/boltz_results_1LFD/predictions/1LFD/confidence_1LFD_model_40.json
../22dataset_SIN_muts_YAML/Models/boltz_results_1LFD/predictions/1LFD/confidence_1LFD_model_19.json
../22dataset_SIN_muts_YAML/Models/boltz_results_1LFD/predictions/1LFD/confidence_1LFD_model_22.json
../22dataset_SIN_muts_YAML/Models/boltz_results_1LFD/predictions/1LFD/confidence_1LFD_model_42.json
../22dataset_SIN_muts_YAML/Models/boltz_results_1LFD/predictions/1LFD/confidence_1LFD_model_35.json
../22dataset_SIN_muts_YAML/Models/boltz_results_1LFD/predictions/1LFD/confidence_1LFD_model_26.json
../22dataset_SIN_muts_YAML/Models/boltz_results_1LFD/predictions/1LFD/confidence_1LFD_model_12.json
../22dataset_SIN_muts_YAML/Models/boltz_results_1LFD/predictions/1LFD/confidence_1LFD_model_13.json
../22dataset_SIN_muts_YAML/Models/boltz_results_1LFD/predictions/1LFD/confidence_1LFD_model_4.json
../22dataset_SIN_muts_YAML/Models/boltz_results_1LFD/predictions/1LFD/confidence_1LFD_model_46.json
../22dataset_SIN_muts_YAML/Models/boltz_results_1LFD/predictions/1LFD/confidence_1LFD_model_25.json
../22dataset_SIN_muts_YAML/Models/boltz_results_1LFD/predictions/1LFD/confidence_1LFD_model_8.json
../22dataset_SIN_muts_YAML/Models/boltz_results_1LFD/predictions/1LFD/confidence_1LFD_model_49.json
../22dataset_SIN_muts_YAML/Models/boltz_results_1LFD/predictions/1LFD/confidence_1LFD_model_17.json
../22dataset_SIN_muts_YAML/Models/boltz_results_1LFD/predictions/1LFD/confidence_1LFD_model_45.json
../22dataset_SIN_muts_YAML/Models/boltz_results_1LFD/predictions/1LFD/confidence_1LFD_model_24.json
../22dataset_SIN_muts_YAML/Models/boltz_results_1LFD/predictions/1LFD/confidence_1LFD_model_29.json
../22dataset_SIN_muts_YAML/Models/boltz_results_1LFD/predictions/1LFD/confidence_1LFD_model_14.json
../22dataset_SIN_muts_YAML/Models/boltz_results_1LFD/predictions/1LFD/confidence_1LFD_model_37.json
../22dataset_SIN_muts_YAML/Models/boltz_results_1LFD/predictions/1LFD/confidence_1LFD_model_34.json
../22dataset_SIN_muts_YAML/Models/boltz_results_1LFD/predictions/1LFD/confidence_1LFD_model_31.json
../22dataset_SIN_muts_YAML/Models/boltz_results_1LFD/predictions/1LFD/confidence_1LFD_model_47.json
../22dataset_SIN_muts_YAML/Models/boltz_results_1LFD/predictions/1LFD/confidence_1LFD_model_41.json
../22dataset_SIN_muts_YAML/Models/boltz_results_1LFD/predictions/1LFD/confidence_1LFD_model_7.json
../22dataset_SIN_muts_YAML/Models/boltz_results_1LFD/predictions/1LFD/confidence_1LFD_model_27.json
../22dataset_SIN_muts_YAML/Models/boltz_results_1LFD/predictions/1LFD/confidence_1LFD_model_38.json
../22dataset_SIN_muts_YAML/Models/boltz_results_1LFD/predictions/1LFD/confidence_1LFD_model_18.json
../22dataset_SIN_muts_YAML/Models/boltz_results_1LFD/predictions/1LFD/confidence_1LFD_model_48.json
../22dataset_SIN_muts_YAML/Models/boltz_results_1LFD/predictions/1LFD/confidence_1LFD_model_30.json
../22dataset_SIN_muts_YAML/Models/boltz_results_1LFD/predictions/1LFD/confidence_1LFD_model_20.json
../22dataset_SIN_muts_YAML/Models/boltz_results_1LFD/predictions/1LFD/confidence_1LFD_model_23.json
../22dataset_SIN_muts_YAML/Models/boltz_results_1LFD/predictions/1LFD/confidence_1LFD_model_9.json
../22dataset_SIN_muts_YAML/Models/boltz_results_1LFD/predictions/1LFD/confidence_1LFD_model_16.json
../22dataset_SIN_muts_YAML/Models/boltz_results_1LFD/predictions/1LFD/confidence_1LFD_model_0.json
../22dataset_SIN_muts_YAML/Models/boltz_results_1LFD/predictions/1LFD/confidence_1LFD_model_32.json
../22dataset_SIN_muts_YAML/Models/boltz_results_1LFD/predictions/1LFD/confidence_1LFD_model_6.json
../22dataset_SIN_muts_YAML/Models/boltz_results_1LFD/predictions/1LFD/confidence_1LFD_model_15.json
../22dataset_SIN_muts_YAML/Models/boltz_results_1LFD/predictions/1LFD/confidence_1LFD_model_11.json
../22dataset_SIN_muts_YAML/Models/boltz_results_4BFI/predictions/4BFI/confidence_4BFI_model_7.json
../22dataset_SIN_muts_YAML/Models/boltz_results_4BFI/predictions/4BFI/confidence_4BFI_model_30.json
../22dataset_SIN_muts_YAML/Models/boltz_results_4BFI/predictions/4BFI/confidence_4BFI_model_9.json
../22dataset_SIN_muts_YAML/Models/boltz_results_4BFI/predictions/4BFI/confidence_4BFI_model_28.json
../22dataset_SIN_muts_YAML/Models/boltz_results_4BFI/predictions/4BFI/confidence_4BFI_model_1.json
../22dataset_SIN_muts_YAML/Models/boltz_results_4BFI/predictions/4BFI/confidence_4BFI_model_44.json
../22dataset_SIN_muts_YAML/Models/boltz_results_4BFI/predictions/4BFI/confidence_4BFI_model_31.json
../22dataset_SIN_muts_YAML/Models/boltz_results_4BFI/predictions/4BFI/confidence_4BFI_model_37.json
../22dataset_SIN_muts_YAML/Models/boltz_results_4BFI/predictions/4BFI/confidence_4BFI_model_36.json
../22dataset_SIN_muts_YAML/Models/boltz_results_4BFI/predictions/4BFI/confidence_4BFI_model_5.json
../22dataset_SIN_muts_YAML/Models/boltz_results_4BFI/predictions/4BFI/confidence_4BFI_model_45.json
../22dataset_SIN_muts_YAML/Models/boltz_results_4BFI/predictions/4BFI/confidence_4BFI_model_33.json
../22dataset_SIN_muts_YAML/Models/boltz_results_4BFI/predictions/4BFI/confidence_4BFI_model_12.json
../22dataset_SIN_muts_YAML/Models/boltz_results_4BFI/predictions/4BFI/confidence_4BFI_model_16.json
../22dataset_SIN_muts_YAML/Models/boltz_results_4BFI/predictions/4BFI/confidence_4BFI_model_3.json
../22dataset_SIN_muts_YAML/Models/boltz_results_4BFI/predictions/4BFI/confidence_4BFI_model_21.json
../22dataset_SIN_muts_YAML/Models/boltz_results_4BFI/predictions/4BFI/confidence_4BFI_model_47.json
../22dataset_SIN_muts_YAML/Models/boltz_results_4BFI/predictions/4BFI/confidence_4BFI_model_20.json
../22dataset_SIN_muts_YAML/Models/boltz_results_4BFI/predictions/4BFI/confidence_4BFI_model_14.json
../22dataset_SIN_muts_YAML/Models/boltz_results_4BFI/predictions/4BFI/confidence_4BFI_model_38.json
../22dataset_SIN_muts_YAML/Models/boltz_results_4BFI/predictions/4BFI/confidence_4BFI_model_43.json
../22dataset_SIN_muts_YAML/Models/boltz_results_4BFI/predictions/4BFI/confidence_4BFI_model_49.json
../22dataset_SIN_muts_YAML/Models/boltz_results_4BFI/predictions/4BFI/confidence_4BFI_model_27.json
../22dataset_SIN_muts_YAML/Models/boltz_results_4BFI/predictions/4BFI/confidence_4BFI_model_32.json
../22dataset_SIN_muts_YAML/Models/boltz_results_4BFI/predictions/4BFI/confidence_4BFI_model_34.json
../22dataset_SIN_muts_YAML/Models/boltz_results_4BFI/predictions/4BFI/confidence_4BFI_model_10.json
../22dataset_SIN_muts_YAML/Models/boltz_results_4BFI/predictions/4BFI/confidence_4BFI_model_24.json
../22dataset_SIN_muts_YAML/Models/boltz_results_4BFI/predictions/4BFI/confidence_4BFI_model_4.json
../22dataset_SIN_muts_YAML/Models/boltz_results_4BFI/predictions/4BFI/confidence_4BFI_model_17.json
../22dataset_SIN_muts_YAML/Models/boltz_results_4BFI/predictions/4BFI/confidence_4BFI_model_46.json
../22dataset_SIN_muts_YAML/Models/boltz_results_4BFI/predictions/4BFI/confidence_4BFI_model_26.json
../22dataset_SIN_muts_YAML/Models/boltz_results_4BFI/predictions/4BFI/confidence_4BFI_model_6.json
../22dataset_SIN_muts_YAML/Models/boltz_results_4BFI/predictions/4BFI/confidence_4BFI_model_8.json
../22dataset_SIN_muts_YAML/Models/boltz_results_4BFI/predictions/4BFI/confidence_4BFI_model_23.json
../22dataset_SIN_muts_YAML/Models/boltz_results_4BFI/predictions/4BFI/confidence_4BFI_model_11.json
../22dataset_SIN_muts_YAML/Models/boltz_results_4BFI/predictions/4BFI/confidence_4BFI_model_19.json
../22dataset_SIN_muts_YAML/Models/boltz_results_4BFI/predictions/4BFI/confidence_4BFI_model_35.json
../22dataset_SIN_muts_YAML/Models/boltz_results_4BFI/predictions/4BFI/confidence_4BFI_model_25.json
../22dataset_SIN_muts_YAML/Models/boltz_results_4BFI/predictions/4BFI/confidence_4BFI_model_29.json
../22dataset_SIN_muts_YAML/Models/boltz_results_4BFI/predictions/4BFI/confidence_4BFI_model_0.json
../22dataset_SIN_muts_YAML/Models/boltz_results_4BFI/predictions/4BFI/confidence_4BFI_model_39.json
../22dataset_SIN_muts_YAML/Models/boltz_results_4BFI/predictions/4BFI/confidence_4BFI_model_41.json
../22dataset_SIN_muts_YAML/Models/boltz_results_4BFI/predictions/4BFI/confidence_4BFI_model_2.json
../22dataset_SIN_muts_YAML/Models/boltz_results_4BFI/predictions/4BFI/confidence_4BFI_model_18.json
../22dataset_SIN_muts_YAML/Models/boltz_results_4BFI/predictions/4BFI/confidence_4BFI_model_48.json
../22dataset_SIN_muts_YAML/Models/boltz_results_4BFI/predictions/4BFI/confidence_4BFI_model_22.json
../22dataset_SIN_muts_YAML/Models/boltz_results_4BFI/predictions/4BFI/confidence_4BFI_model_40.json
../22dataset_SIN_muts_YAML/Models/boltz_results_4BFI/predictions/4BFI/confidence_4BFI_model_42.json
../22dataset_SIN_muts_YAML/Models/boltz_results_4BFI/predictions/4BFI/confidence_4BFI_model_13.json
../22dataset_SIN_muts_YAML/Models/boltz_results_4BFI/predictions/4BFI/confidence_4BFI_model_15.json
../22dataset_SIN_muts_YAML/Models/boltz_results_1BP3/predictions/1BP3/confidence_1BP3_model_9.json
../22dataset_SIN_muts_YAML/Models/boltz_results_1BP3/predictions/1BP3/confidence_1BP3_model_8.json
../22dataset_SIN_muts_YAML/Models/boltz_results_1BP3/predictions/1BP3/confidence_1BP3_model_5.json
../22dataset_SIN_muts_YAML/Models/boltz_results_1BP3/predictions/1BP3/confidence_1BP3_model_0.json
../22dataset_SIN_muts_YAML/Models/boltz_results_1BP3/predictions/1BP3/confidence_1BP3_model_20.json
../22dataset_SIN_muts_YAML/Models/boltz_results_1BP3/predictions/1BP3/confidence_1BP3_model_21.json
../22dataset_SIN_muts_YAML/Models/boltz_results_1BP3/predictions/1BP3/confidence_1BP3_model_39.json
../22dataset_SIN_muts_YAML/Models/boltz_results_1BP3/predictions/1BP3/confidence_1BP3_model_13.json
../22dataset_SIN_muts_YAML/Models/boltz_results_1BP3/predictions/1BP3/confidence_1BP3_model_26.json
../22dataset_SIN_muts_YAML/Models/boltz_results_1BP3/predictions/1BP3/confidence_1BP3_model_2.json
../22dataset_SIN_muts_YAML/Models/boltz_results_1BP3/predictions/1BP3/confidence_1BP3_model_29.json
../22dataset_SIN_muts_YAML/Models/boltz_results_1BP3/predictions/1BP3/confidence_1BP3_model_31.json
../22dataset_SIN_muts_YAML/Models/boltz_results_1BP3/predictions/1BP3/confidence_1BP3_model_47.json
../22dataset_SIN_muts_YAML/Models/boltz_results_1BP3/predictions/1BP3/confidence_1BP3_model_10.json
../22dataset_SIN_muts_YAML/Models/boltz_results_1BP3/predictions/1BP3/confidence_1BP3_model_15.json
../22dataset_SIN_muts_YAML/Models/boltz_results_1BP3/predictions/1BP3/confidence_1BP3_model_43.json
../22dataset_SIN_muts_YAML/Models/boltz_results_1BP3/predictions/1BP3/confidence_1BP3_model_7.json
../22dataset_SIN_muts_YAML/Models/boltz_results_1BP3/predictions/1BP3/confidence_1BP3_model_40.json
../22dataset_SIN_muts_YAML/Models/boltz_results_1BP3/predictions/1BP3/confidence_1BP3_model_17.json
../22dataset_SIN_muts_YAML/Models/boltz_results_1BP3/predictions/1BP3/confidence_1BP3_model_1.json
../22dataset_SIN_muts_YAML/Models/boltz_results_1BP3/predictions/1BP3/confidence_1BP3_model_23.json
../22dataset_SIN_muts_YAML/Models/boltz_results_1BP3/predictions/1BP3/confidence_1BP3_model_25.json
../22dataset_SIN_muts_YAML/Models/boltz_results_1BP3/predictions/1BP3/confidence_1BP3_model_41.json
../22dataset_SIN_muts_YAML/Models/boltz_results_1BP3/predictions/1BP3/confidence_1BP3_model_22.json
../22dataset_SIN_muts_YAML/Models/boltz_results_1BP3/predictions/1BP3/confidence_1BP3_model_14.json
../22dataset_SIN_muts_YAML/Models/boltz_results_1BP3/predictions/1BP3/confidence_1BP3_model_45.json
../22dataset_SIN_muts_YAML/Models/boltz_results_1BP3/predictions/1BP3/confidence_1BP3_model_36.json
../22dataset_SIN_muts_YAML/Models/boltz_results_1BP3/predictions/1BP3/confidence_1BP3_model_28.json
../22dataset_SIN_muts_YAML/Models/boltz_results_1BP3/predictions/1BP3/confidence_1BP3_model_44.json
../22dataset_SIN_muts_YAML/Models/boltz_results_1BP3/predictions/1BP3/confidence_1BP3_model_6.json
../22dataset_SIN_muts_YAML/Models/boltz_results_1BP3/predictions/1BP3/confidence_1BP3_model_33.json
../22dataset_SIN_muts_YAML/Models/boltz_results_1BP3/predictions/1BP3/confidence_1BP3_model_11.json
../22dataset_SIN_muts_YAML/Models/boltz_results_1BP3/predictions/1BP3/confidence_1BP3_model_3.json
../22dataset_SIN_muts_YAML/Models/boltz_results_1BP3/predictions/1BP3/confidence_1BP3_model_12.json
../22dataset_SIN_muts_YAML/Models/boltz_results_1BP3/predictions/1BP3/confidence_1BP3_model_19.json
../22dataset_SIN_muts_YAML/Models/boltz_results_1BP3/predictions/1BP3/confidence_1BP3_model_35.json
../22dataset_SIN_muts_YAML/Models/boltz_results_1BP3/predictions/1BP3/confidence_1BP3_model_48.json
../22dataset_SIN_muts_YAML/Models/boltz_results_1BP3/predictions/1BP3/confidence_1BP3_model_32.json
../22dataset_SIN_muts_YAML/Models/boltz_results_1BP3/predictions/1BP3/confidence_1BP3_model_49.json
../22dataset_SIN_muts_YAML/Models/boltz_results_1BP3/predictions/1BP3/confidence_1BP3_model_24.json
../22dataset_SIN_muts_YAML/Models/boltz_results_1BP3/predictions/1BP3/confidence_1BP3_model_16.json
../22dataset_SIN_muts_YAML/Models/boltz_results_1BP3/predictions/1BP3/confidence_1BP3_model_27.json
../22dataset_SIN_muts_YAML/Models/boltz_results_1BP3/predictions/1BP3/confidence_1BP3_model_4.json
../22dataset_SIN_muts_YAML/Models/boltz_results_1BP3/predictions/1BP3/confidence_1BP3_model_34.json
../22dataset_SIN_muts_YAML/Models/boltz_results_1BP3/predictions/1BP3/confidence_1BP3_model_38.json
../22dataset_SIN_muts_YAML/Models/boltz_results_1BP3/predictions/1BP3/confidence_1BP3_model_42.json
../22dataset_SIN_muts_YAML/Models/boltz_results_1BP3/predictions/1BP3/confidence_1BP3_model_30.json
../22dataset_SIN_muts_YAML/Models/boltz_results_1BP3/predictions/1BP3/confidence_1BP3_model_46.json
../22dataset_SIN_muts_YAML/Models/boltz_results_1BP3/predictions/1BP3/confidence_1BP3_model_37.json
../22dataset_SIN_muts_YAML/Models/boltz_results_1BP3/predictions/1BP3/confidence_1BP3_model_18.json
3M63 - [Errno 2] No such file or directory: '../22dataset_SIN_muts_YAML/Models/boltz_results_3M63/predictions/3M63'
../22dataset_SIN_muts_YAML/Models/boltz_results_4RS1/predictions/4RS1/confidence_4RS1_model_12.json
../22dataset_SIN_muts_YAML/Models/boltz_results_4RS1/predictions/4RS1/confidence_4RS1_model_29.json
../22dataset_SIN_muts_YAML/Models/boltz_results_4RS1/predictions/4RS1/confidence_4RS1_model_35.json
../22dataset_SIN_muts_YAML/Models/boltz_results_4RS1/predictions/4RS1/confidence_4RS1_model_31.json
../22dataset_SIN_muts_YAML/Models/boltz_results_4RS1/predictions/4RS1/confidence_4RS1_model_14.json
../22dataset_SIN_muts_YAML/Models/boltz_results_4RS1/predictions/4RS1/confidence_4RS1_model_44.json
../22dataset_SIN_muts_YAML/Models/boltz_results_4RS1/predictions/4RS1/confidence_4RS1_model_41.json
../22dataset_SIN_muts_YAML/Models/boltz_results_4RS1/predictions/4RS1/confidence_4RS1_model_22.json
../22dataset_SIN_muts_YAML/Models/boltz_results_4RS1/predictions/4RS1/confidence_4RS1_model_25.json
../22dataset_SIN_muts_YAML/Models/boltz_results_4RS1/predictions/4RS1/confidence_4RS1_model_17.json
../22dataset_SIN_muts_YAML/Models/boltz_results_4RS1/predictions/4RS1/confidence_4RS1_model_32.json
../22dataset_SIN_muts_YAML/Models/boltz_results_4RS1/predictions/4RS1/confidence_4RS1_model_39.json
../22dataset_SIN_muts_YAML/Models/boltz_results_4RS1/predictions/4RS1/confidence_4RS1_model_8.json
../22dataset_SIN_muts_YAML/Models/boltz_results_4RS1/predictions/4RS1/confidence_4RS1_model_43.json
../22dataset_SIN_muts_YAML/Models/boltz_results_4RS1/predictions/4RS1/confidence_4RS1_model_27.json
../22dataset_SIN_muts_YAML/Models/boltz_results_4RS1/predictions/4RS1/confidence_4RS1_model_36.json
../22dataset_SIN_muts_YAML/Models/boltz_results_4RS1/predictions/4RS1/confidence_4RS1_model_19.json
../22dataset_SIN_muts_YAML/Models/boltz_results_4RS1/predictions/4RS1/confidence_4RS1_model_2.json
../22dataset_SIN_muts_YAML/Models/boltz_results_4RS1/predictions/4RS1/confidence_4RS1_model_49.json
../22dataset_SIN_muts_YAML/Models/boltz_results_4RS1/predictions/4RS1/confidence_4RS1_model_0.json
../22dataset_SIN_muts_YAML/Models/boltz_results_4RS1/predictions/4RS1/confidence_4RS1_model_3.json
../22dataset_SIN_muts_YAML/Models/boltz_results_4RS1/predictions/4RS1/confidence_4RS1_model_47.json
../22dataset_SIN_muts_YAML/Models/boltz_results_4RS1/predictions/4RS1/confidence_4RS1_model_45.json
../22dataset_SIN_muts_YAML/Models/boltz_results_4RS1/predictions/4RS1/confidence_4RS1_model_1.json
../22dataset_SIN_muts_YAML/Models/boltz_results_4RS1/predictions/4RS1/confidence_4RS1_model_46.json
../22dataset_SIN_muts_YAML/Models/boltz_results_4RS1/predictions/4RS1/confidence_4RS1_model_34.json
../22dataset_SIN_muts_YAML/Models/boltz_results_4RS1/predictions/4RS1/confidence_4RS1_model_20.json
../22dataset_SIN_muts_YAML/Models/boltz_results_4RS1/predictions/4RS1/confidence_4RS1_model_37.json
../22dataset_SIN_muts_YAML/Models/boltz_results_4RS1/predictions/4RS1/confidence_4RS1_model_28.json
../22dataset_SIN_muts_YAML/Models/boltz_results_4RS1/predictions/4RS1/confidence_4RS1_model_40.json
../22dataset_SIN_muts_YAML/Models/boltz_results_4RS1/predictions/4RS1/confidence_4RS1_model_30.json
../22dataset_SIN_muts_YAML/Models/boltz_results_4RS1/predictions/4RS1/confidence_4RS1_model_26.json
../22dataset_SIN_muts_YAML/Models/boltz_results_4RS1/predictions/4RS1/confidence_4RS1_model_16.json
../22dataset_SIN_muts_YAML/Models/boltz_results_4RS1/predictions/4RS1/confidence_4RS1_model_18.json
../22dataset_SIN_muts_YAML/Models/boltz_results_4RS1/predictions/4RS1/confidence_4RS1_model_4.json
../22dataset_SIN_muts_YAML/Models/boltz_results_4RS1/predictions/4RS1/confidence_4RS1_model_48.json
../22dataset_SIN_muts_YAML/Models/boltz_results_4RS1/predictions/4RS1/confidence_4RS1_model_9.json
../22dataset_SIN_muts_YAML/Models/boltz_results_4RS1/predictions/4RS1/confidence_4RS1_model_15.json
../22dataset_SIN_muts_YAML/Models/boltz_results_4RS1/predictions/4RS1/confidence_4RS1_model_42.json
../22dataset_SIN_muts_YAML/Models/boltz_results_4RS1/predictions/4RS1/confidence_4RS1_model_24.json
../22dataset_SIN_muts_YAML/Models/boltz_results_4RS1/predictions/4RS1/confidence_4RS1_model_5.json
../22dataset_SIN_muts_YAML/Models/boltz_results_4RS1/predictions/4RS1/confidence_4RS1_model_10.json
../22dataset_SIN_muts_YAML/Models/boltz_results_4RS1/predictions/4RS1/confidence_4RS1_model_38.json
../22dataset_SIN_muts_YAML/Models/boltz_results_4RS1/predictions/4RS1/confidence_4RS1_model_21.json
../22dataset_SIN_muts_YAML/Models/boltz_results_4RS1/predictions/4RS1/confidence_4RS1_model_33.json
../22dataset_SIN_muts_YAML/Models/boltz_results_4RS1/predictions/4RS1/confidence_4RS1_model_13.json
../22dataset_SIN_muts_YAML/Models/boltz_results_4RS1/predictions/4RS1/confidence_4RS1_model_6.json
../22dataset_SIN_muts_YAML/Models/boltz_results_4RS1/predictions/4RS1/confidence_4RS1_model_11.json
../22dataset_SIN_muts_YAML/Models/boltz_results_4RS1/predictions/4RS1/confidence_4RS1_model_23.json
../22dataset_SIN_muts_YAML/Models/boltz_results_4RS1/predictions/4RS1/confidence_4RS1_model_7.json
../22dataset_SIN_muts_YAML/Models/boltz_results_5M2O/predictions/5M2O/confidence_5M2O_model_7.json
../22dataset_SIN_muts_YAML/Models/boltz_results_5M2O/predictions/5M2O/confidence_5M2O_model_28.json
../22dataset_SIN_muts_YAML/Models/boltz_results_5M2O/predictions/5M2O/confidence_5M2O_model_36.json
../22dataset_SIN_muts_YAML/Models/boltz_results_5M2O/predictions/5M2O/confidence_5M2O_model_13.json
../22dataset_SIN_muts_YAML/Models/boltz_results_5M2O/predictions/5M2O/confidence_5M2O_model_24.json
../22dataset_SIN_muts_YAML/Models/boltz_results_5M2O/predictions/5M2O/confidence_5M2O_model_49.json
../22dataset_SIN_muts_YAML/Models/boltz_results_5M2O/predictions/5M2O/confidence_5M2O_model_27.json
../22dataset_SIN_muts_YAML/Models/boltz_results_5M2O/predictions/5M2O/confidence_5M2O_model_41.json
../22dataset_SIN_muts_YAML/Models/boltz_results_5M2O/predictions/5M2O/confidence_5M2O_model_42.json
../22dataset_SIN_muts_YAML/Models/boltz_results_5M2O/predictions/5M2O/confidence_5M2O_model_11.json
../22dataset_SIN_muts_YAML/Models/boltz_results_5M2O/predictions/5M2O/confidence_5M2O_model_25.json
../22dataset_SIN_muts_YAML/Models/boltz_results_5M2O/predictions/5M2O/confidence_5M2O_model_31.json
../22dataset_SIN_muts_YAML/Models/boltz_results_5M2O/predictions/5M2O/confidence_5M2O_model_8.json
../22dataset_SIN_muts_YAML/Models/boltz_results_5M2O/predictions/5M2O/confidence_5M2O_model_16.json
../22dataset_SIN_muts_YAML/Models/boltz_results_5M2O/predictions/5M2O/confidence_5M2O_model_26.json
../22dataset_SIN_muts_YAML/Models/boltz_results_5M2O/predictions/5M2O/confidence_5M2O_model_44.json
../22dataset_SIN_muts_YAML/Models/boltz_results_5M2O/predictions/5M2O/confidence_5M2O_model_3.json
../22dataset_SIN_muts_YAML/Models/boltz_results_5M2O/predictions/5M2O/confidence_5M2O_model_0.json
../22dataset_SIN_muts_YAML/Models/boltz_results_5M2O/predictions/5M2O/confidence_5M2O_model_30.json
../22dataset_SIN_muts_YAML/Models/boltz_results_5M2O/predictions/5M2O/confidence_5M2O_model_46.json
../22dataset_SIN_muts_YAML/Models/boltz_results_5M2O/predictions/5M2O/confidence_5M2O_model_48.json
../22dataset_SIN_muts_YAML/Models/boltz_results_5M2O/predictions/5M2O/confidence_5M2O_model_33.json
../22dataset_SIN_muts_YAML/Models/boltz_results_5M2O/predictions/5M2O/confidence_5M2O_model_18.json
../22dataset_SIN_muts_YAML/Models/boltz_results_5M2O/predictions/5M2O/confidence_5M2O_model_39.json
../22dataset_SIN_muts_YAML/Models/boltz_results_5M2O/predictions/5M2O/confidence_5M2O_model_19.json
../22dataset_SIN_muts_YAML/Models/boltz_results_5M2O/predictions/5M2O/confidence_5M2O_model_21.json
../22dataset_SIN_muts_YAML/Models/boltz_results_5M2O/predictions/5M2O/confidence_5M2O_model_22.json
../22dataset_SIN_muts_YAML/Models/boltz_results_5M2O/predictions/5M2O/confidence_5M2O_model_47.json
../22dataset_SIN_muts_YAML/Models/boltz_results_5M2O/predictions/5M2O/confidence_5M2O_model_10.json
../22dataset_SIN_muts_YAML/Models/boltz_results_5M2O/predictions/5M2O/confidence_5M2O_model_4.json
../22dataset_SIN_muts_YAML/Models/boltz_results_5M2O/predictions/5M2O/confidence_5M2O_model_35.json
../22dataset_SIN_muts_YAML/Models/boltz_results_5M2O/predictions/5M2O/confidence_5M2O_model_43.json
../22dataset_SIN_muts_YAML/Models/boltz_results_5M2O/predictions/5M2O/confidence_5M2O_model_12.json
../22dataset_SIN_muts_YAML/Models/boltz_results_5M2O/predictions/5M2O/confidence_5M2O_model_1.json
../22dataset_SIN_muts_YAML/Models/boltz_results_5M2O/predictions/5M2O/confidence_5M2O_model_5.json
../22dataset_SIN_muts_YAML/Models/boltz_results_5M2O/predictions/5M2O/confidence_5M2O_model_40.json
../22dataset_SIN_muts_YAML/Models/boltz_results_5M2O/predictions/5M2O/confidence_5M2O_model_29.json
../22dataset_SIN_muts_YAML/Models/boltz_results_5M2O/predictions/5M2O/confidence_5M2O_model_20.json
../22dataset_SIN_muts_YAML/Models/boltz_results_5M2O/predictions/5M2O/confidence_5M2O_model_34.json
../22dataset_SIN_muts_YAML/Models/boltz_results_5M2O/predictions/5M2O/confidence_5M2O_model_38.json
../22dataset_SIN_muts_YAML/Models/boltz_results_5M2O/predictions/5M2O/confidence_5M2O_model_17.json
../22dataset_SIN_muts_YAML/Models/boltz_results_5M2O/predictions/5M2O/confidence_5M2O_model_37.json
../22dataset_SIN_muts_YAML/Models/boltz_results_5M2O/predictions/5M2O/confidence_5M2O_model_23.json
../22dataset_SIN_muts_YAML/Models/boltz_results_5M2O/predictions/5M2O/confidence_5M2O_model_45.json
../22dataset_SIN_muts_YAML/Models/boltz_results_5M2O/predictions/5M2O/confidence_5M2O_model_14.json
../22dataset_SIN_muts_YAML/Models/boltz_results_5M2O/predictions/5M2O/confidence_5M2O_model_2.json
../22dataset_SIN_muts_YAML/Models/boltz_results_5M2O/predictions/5M2O/confidence_5M2O_model_6.json
../22dataset_SIN_muts_YAML/Models/boltz_results_5M2O/predictions/5M2O/confidence_5M2O_model_9.json
../22dataset_SIN_muts_YAML/Models/boltz_results_5M2O/predictions/5M2O/confidence_5M2O_model_15.json
../22dataset_SIN_muts_YAML/Models/boltz_results_5M2O/predictions/5M2O/confidence_5M2O_model_32.json
../22dataset_SIN_muts_YAML/Models/boltz_results_4G0N/predictions/4G0N/confidence_4G0N_model_34.json
../22dataset_SIN_muts_YAML/Models/boltz_results_4G0N/predictions/4G0N/confidence_4G0N_model_9.json
../22dataset_SIN_muts_YAML/Models/boltz_results_4G0N/predictions/4G0N/confidence_4G0N_model_27.json
../22dataset_SIN_muts_YAML/Models/boltz_results_4G0N/predictions/4G0N/confidence_4G0N_model_32.json
../22dataset_SIN_muts_YAML/Models/boltz_results_4G0N/predictions/4G0N/confidence_4G0N_model_35.json
../22dataset_SIN_muts_YAML/Models/boltz_results_4G0N/predictions/4G0N/confidence_4G0N_model_0.json
../22dataset_SIN_muts_YAML/Models/boltz_results_4G0N/predictions/4G0N/confidence_4G0N_model_19.json
../22dataset_SIN_muts_YAML/Models/boltz_results_4G0N/predictions/4G0N/confidence_4G0N_model_31.json
../22dataset_SIN_muts_YAML/Models/boltz_results_4G0N/predictions/4G0N/confidence_4G0N_model_39.json
../22dataset_SIN_muts_YAML/Models/boltz_results_4G0N/predictions/4G0N/confidence_4G0N_model_48.json
../22dataset_SIN_muts_YAML/Models/boltz_results_4G0N/predictions/4G0N/confidence_4G0N_model_33.json
../22dataset_SIN_muts_YAML/Models/boltz_results_4G0N/predictions/4G0N/confidence_4G0N_model_11.json
../22dataset_SIN_muts_YAML/Models/boltz_results_4G0N/predictions/4G0N/confidence_4G0N_model_25.json
../22dataset_SIN_muts_YAML/Models/boltz_results_4G0N/predictions/4G0N/confidence_4G0N_model_28.json
../22dataset_SIN_muts_YAML/Models/boltz_results_4G0N/predictions/4G0N/confidence_4G0N_model_40.json
../22dataset_SIN_muts_YAML/Models/boltz_results_4G0N/predictions/4G0N/confidence_4G0N_model_49.json
../22dataset_SIN_muts_YAML/Models/boltz_results_4G0N/predictions/4G0N/confidence_4G0N_model_17.json
../22dataset_SIN_muts_YAML/Models/boltz_results_4G0N/predictions/4G0N/confidence_4G0N_model_23.json
../22dataset_SIN_muts_YAML/Models/boltz_results_4G0N/predictions/4G0N/confidence_4G0N_model_47.json
../22dataset_SIN_muts_YAML/Models/boltz_results_4G0N/predictions/4G0N/confidence_4G0N_model_21.json
../22dataset_SIN_muts_YAML/Models/boltz_results_4G0N/predictions/4G0N/confidence_4G0N_model_24.json
../22dataset_SIN_muts_YAML/Models/boltz_results_4G0N/predictions/4G0N/confidence_4G0N_model_3.json
../22dataset_SIN_muts_YAML/Models/boltz_results_4G0N/predictions/4G0N/confidence_4G0N_model_5.json
../22dataset_SIN_muts_YAML/Models/boltz_results_4G0N/predictions/4G0N/confidence_4G0N_model_36.json
../22dataset_SIN_muts_YAML/Models/boltz_results_4G0N/predictions/4G0N/confidence_4G0N_model_44.json
../22dataset_SIN_muts_YAML/Models/boltz_results_4G0N/predictions/4G0N/confidence_4G0N_model_37.json
../22dataset_SIN_muts_YAML/Models/boltz_results_4G0N/predictions/4G0N/confidence_4G0N_model_45.json
../22dataset_SIN_muts_YAML/Models/boltz_results_4G0N/predictions/4G0N/confidence_4G0N_model_10.json
../22dataset_SIN_muts_YAML/Models/boltz_results_4G0N/predictions/4G0N/confidence_4G0N_model_1.json
../22dataset_SIN_muts_YAML/Models/boltz_results_4G0N/predictions/4G0N/confidence_4G0N_model_43.json
../22dataset_SIN_muts_YAML/Models/boltz_results_4G0N/predictions/4G0N/confidence_4G0N_model_18.json
../22dataset_SIN_muts_YAML/Models/boltz_results_4G0N/predictions/4G0N/confidence_4G0N_model_30.json
../22dataset_SIN_muts_YAML/Models/boltz_results_4G0N/predictions/4G0N/confidence_4G0N_model_13.json
../22dataset_SIN_muts_YAML/Models/boltz_results_4G0N/predictions/4G0N/confidence_4G0N_model_26.json
../22dataset_SIN_muts_YAML/Models/boltz_results_4G0N/predictions/4G0N/confidence_4G0N_model_20.json
../22dataset_SIN_muts_YAML/Models/boltz_results_4G0N/predictions/4G0N/confidence_4G0N_model_22.json
../22dataset_SIN_muts_YAML/Models/boltz_results_4G0N/predictions/4G0N/confidence_4G0N_model_29.json
../22dataset_SIN_muts_YAML/Models/boltz_results_4G0N/predictions/4G0N/confidence_4G0N_model_12.json
../22dataset_SIN_muts_YAML/Models/boltz_results_4G0N/predictions/4G0N/confidence_4G0N_model_2.json
../22dataset_SIN_muts_YAML/Models/boltz_results_4G0N/predictions/4G0N/confidence_4G0N_model_15.json
../22dataset_SIN_muts_YAML/Models/boltz_results_4G0N/predictions/4G0N/confidence_4G0N_model_8.json
../22dataset_SIN_muts_YAML/Models/boltz_results_4G0N/predictions/4G0N/confidence_4G0N_model_42.json
../22dataset_SIN_muts_YAML/Models/boltz_results_4G0N/predictions/4G0N/confidence_4G0N_model_41.json
../22dataset_SIN_muts_YAML/Models/boltz_results_4G0N/predictions/4G0N/confidence_4G0N_model_7.json
../22dataset_SIN_muts_YAML/Models/boltz_results_4G0N/predictions/4G0N/confidence_4G0N_model_6.json
../22dataset_SIN_muts_YAML/Models/boltz_results_4G0N/predictions/4G0N/confidence_4G0N_model_14.json
../22dataset_SIN_muts_YAML/Models/boltz_results_4G0N/predictions/4G0N/confidence_4G0N_model_16.json
../22dataset_SIN_muts_YAML/Models/boltz_results_4G0N/predictions/4G0N/confidence_4G0N_model_38.json
../22dataset_SIN_muts_YAML/Models/boltz_results_4G0N/predictions/4G0N/confidence_4G0N_model_4.json
../22dataset_SIN_muts_YAML/Models/boltz_results_4G0N/predictions/4G0N/confidence_4G0N_model_46.json
../22dataset_SIN_muts_YAML/Models/boltz_results_1GUA/predictions/1GUA/confidence_1GUA_model_3.json
../22dataset_SIN_muts_YAML/Models/boltz_results_1GUA/predictions/1GUA/confidence_1GUA_model_33.json
../22dataset_SIN_muts_YAML/Models/boltz_results_1GUA/predictions/1GUA/confidence_1GUA_model_26.json
../22dataset_SIN_muts_YAML/Models/boltz_results_1GUA/predictions/1GUA/confidence_1GUA_model_6.json
../22dataset_SIN_muts_YAML/Models/boltz_results_1GUA/predictions/1GUA/confidence_1GUA_model_13.json
../22dataset_SIN_muts_YAML/Models/boltz_results_1GUA/predictions/1GUA/confidence_1GUA_model_2.json
../22dataset_SIN_muts_YAML/Models/boltz_results_1GUA/predictions/1GUA/confidence_1GUA_model_47.json
../22dataset_SIN_muts_YAML/Models/boltz_results_1GUA/predictions/1GUA/confidence_1GUA_model_44.json
../22dataset_SIN_muts_YAML/Models/boltz_results_1GUA/predictions/1GUA/confidence_1GUA_model_35.json
../22dataset_SIN_muts_YAML/Models/boltz_results_1GUA/predictions/1GUA/confidence_1GUA_model_4.json
../22dataset_SIN_muts_YAML/Models/boltz_results_1GUA/predictions/1GUA/confidence_1GUA_model_1.json
../22dataset_SIN_muts_YAML/Models/boltz_results_1GUA/predictions/1GUA/confidence_1GUA_model_48.json
../22dataset_SIN_muts_YAML/Models/boltz_results_1GUA/predictions/1GUA/confidence_1GUA_model_43.json
../22dataset_SIN_muts_YAML/Models/boltz_results_1GUA/predictions/1GUA/confidence_1GUA_model_29.json
../22dataset_SIN_muts_YAML/Models/boltz_results_1GUA/predictions/1GUA/confidence_1GUA_model_38.json
../22dataset_SIN_muts_YAML/Models/boltz_results_1GUA/predictions/1GUA/confidence_1GUA_model_11.json
../22dataset_SIN_muts_YAML/Models/boltz_results_1GUA/predictions/1GUA/confidence_1GUA_model_25.json
../22dataset_SIN_muts_YAML/Models/boltz_results_1GUA/predictions/1GUA/confidence_1GUA_model_23.json
../22dataset_SIN_muts_YAML/Models/boltz_results_1GUA/predictions/1GUA/confidence_1GUA_model_15.json
../22dataset_SIN_muts_YAML/Models/boltz_results_1GUA/predictions/1GUA/confidence_1GUA_model_16.json
../22dataset_SIN_muts_YAML/Models/boltz_results_1GUA/predictions/1GUA/confidence_1GUA_model_36.json
../22dataset_SIN_muts_YAML/Models/boltz_results_1GUA/predictions/1GUA/confidence_1GUA_model_30.json
../22dataset_SIN_muts_YAML/Models/boltz_results_1GUA/predictions/1GUA/confidence_1GUA_model_19.json
../22dataset_SIN_muts_YAML/Models/boltz_results_1GUA/predictions/1GUA/confidence_1GUA_model_10.json
../22dataset_SIN_muts_YAML/Models/boltz_results_1GUA/predictions/1GUA/confidence_1GUA_model_41.json
../22dataset_SIN_muts_YAML/Models/boltz_results_1GUA/predictions/1GUA/confidence_1GUA_model_34.json
../22dataset_SIN_muts_YAML/Models/boltz_results_1GUA/predictions/1GUA/confidence_1GUA_model_12.json
../22dataset_SIN_muts_YAML/Models/boltz_results_1GUA/predictions/1GUA/confidence_1GUA_model_32.json
../22dataset_SIN_muts_YAML/Models/boltz_results_1GUA/predictions/1GUA/confidence_1GUA_model_5.json
../22dataset_SIN_muts_YAML/Models/boltz_results_1GUA/predictions/1GUA/confidence_1GUA_model_39.json
../22dataset_SIN_muts_YAML/Models/boltz_results_1GUA/predictions/1GUA/confidence_1GUA_model_17.json
../22dataset_SIN_muts_YAML/Models/boltz_results_1GUA/predictions/1GUA/confidence_1GUA_model_14.json
../22dataset_SIN_muts_YAML/Models/boltz_results_1GUA/predictions/1GUA/confidence_1GUA_model_18.json
../22dataset_SIN_muts_YAML/Models/boltz_results_1GUA/predictions/1GUA/confidence_1GUA_model_8.json
../22dataset_SIN_muts_YAML/Models/boltz_results_1GUA/predictions/1GUA/confidence_1GUA_model_22.json
../22dataset_SIN_muts_YAML/Models/boltz_results_1GUA/predictions/1GUA/confidence_1GUA_model_46.json
../22dataset_SIN_muts_YAML/Models/boltz_results_1GUA/predictions/1GUA/confidence_1GUA_model_9.json
../22dataset_SIN_muts_YAML/Models/boltz_results_1GUA/predictions/1GUA/confidence_1GUA_model_0.json
../22dataset_SIN_muts_YAML/Models/boltz_results_1GUA/predictions/1GUA/confidence_1GUA_model_28.json
../22dataset_SIN_muts_YAML/Models/boltz_results_1GUA/predictions/1GUA/confidence_1GUA_model_27.json
../22dataset_SIN_muts_YAML/Models/boltz_results_1GUA/predictions/1GUA/confidence_1GUA_model_21.json
../22dataset_SIN_muts_YAML/Models/boltz_results_1GUA/predictions/1GUA/confidence_1GUA_model_31.json
../22dataset_SIN_muts_YAML/Models/boltz_results_1GUA/predictions/1GUA/confidence_1GUA_model_20.json
../22dataset_SIN_muts_YAML/Models/boltz_results_1GUA/predictions/1GUA/confidence_1GUA_model_37.json
../22dataset_SIN_muts_YAML/Models/boltz_results_1GUA/predictions/1GUA/confidence_1GUA_model_40.json
../22dataset_SIN_muts_YAML/Models/boltz_results_1GUA/predictions/1GUA/confidence_1GUA_model_24.json
../22dataset_SIN_muts_YAML/Models/boltz_results_1GUA/predictions/1GUA/confidence_1GUA_model_7.json
../22dataset_SIN_muts_YAML/Models/boltz_results_1GUA/predictions/1GUA/confidence_1GUA_model_45.json
../22dataset_SIN_muts_YAML/Models/boltz_results_1GUA/predictions/1GUA/confidence_1GUA_model_49.json
../22dataset_SIN_muts_YAML/Models/boltz_results_1GUA/predictions/1GUA/confidence_1GUA_model_42.json
../22dataset_SIN_muts_YAML/Models/boltz_results_3S9D/predictions/3S9D/confidence_3S9D_model_8.json
../22dataset_SIN_muts_YAML/Models/boltz_results_3S9D/predictions/3S9D/confidence_3S9D_model_34.json
../22dataset_SIN_muts_YAML/Models/boltz_results_3S9D/predictions/3S9D/confidence_3S9D_model_18.json
../22dataset_SIN_muts_YAML/Models/boltz_results_3S9D/predictions/3S9D/confidence_3S9D_model_12.json
../22dataset_SIN_muts_YAML/Models/boltz_results_3S9D/predictions/3S9D/confidence_3S9D_model_25.json
../22dataset_SIN_muts_YAML/Models/boltz_results_3S9D/predictions/3S9D/confidence_3S9D_model_19.json
../22dataset_SIN_muts_YAML/Models/boltz_results_3S9D/predictions/3S9D/confidence_3S9D_model_2.json
../22dataset_SIN_muts_YAML/Models/boltz_results_3S9D/predictions/3S9D/confidence_3S9D_model_17.json
../22dataset_SIN_muts_YAML/Models/boltz_results_3S9D/predictions/3S9D/confidence_3S9D_model_33.json
../22dataset_SIN_muts_YAML/Models/boltz_results_3S9D/predictions/3S9D/confidence_3S9D_model_37.json
../22dataset_SIN_muts_YAML/Models/boltz_results_3S9D/predictions/3S9D/confidence_3S9D_model_42.json
../22dataset_SIN_muts_YAML/Models/boltz_results_3S9D/predictions/3S9D/confidence_3S9D_model_13.json
../22dataset_SIN_muts_YAML/Models/boltz_results_3S9D/predictions/3S9D/confidence_3S9D_model_6.json
../22dataset_SIN_muts_YAML/Models/boltz_results_3S9D/predictions/3S9D/confidence_3S9D_model_39.json
../22dataset_SIN_muts_YAML/Models/boltz_results_3S9D/predictions/3S9D/confidence_3S9D_model_49.json
../22dataset_SIN_muts_YAML/Models/boltz_results_3S9D/predictions/3S9D/confidence_3S9D_model_9.json
../22dataset_SIN_muts_YAML/Models/boltz_results_3S9D/predictions/3S9D/confidence_3S9D_model_46.json
../22dataset_SIN_muts_YAML/Models/boltz_results_3S9D/predictions/3S9D/confidence_3S9D_model_24.json
../22dataset_SIN_muts_YAML/Models/boltz_results_3S9D/predictions/3S9D/confidence_3S9D_model_22.json
../22dataset_SIN_muts_YAML/Models/boltz_results_3S9D/predictions/3S9D/confidence_3S9D_model_30.json
../22dataset_SIN_muts_YAML/Models/boltz_results_3S9D/predictions/3S9D/confidence_3S9D_model_20.json
../22dataset_SIN_muts_YAML/Models/boltz_results_3S9D/predictions/3S9D/confidence_3S9D_model_1.json
../22dataset_SIN_muts_YAML/Models/boltz_results_3S9D/predictions/3S9D/confidence_3S9D_model_47.json
../22dataset_SIN_muts_YAML/Models/boltz_results_3S9D/predictions/3S9D/confidence_3S9D_model_41.json
../22dataset_SIN_muts_YAML/Models/boltz_results_3S9D/predictions/3S9D/confidence_3S9D_model_28.json
../22dataset_SIN_muts_YAML/Models/boltz_results_3S9D/predictions/3S9D/confidence_3S9D_model_3.json
../22dataset_SIN_muts_YAML/Models/boltz_results_3S9D/predictions/3S9D/confidence_3S9D_model_7.json
../22dataset_SIN_muts_YAML/Models/boltz_results_3S9D/predictions/3S9D/confidence_3S9D_model_48.json
../22dataset_SIN_muts_YAML/Models/boltz_results_3S9D/predictions/3S9D/confidence_3S9D_model_29.json
../22dataset_SIN_muts_YAML/Models/boltz_results_3S9D/predictions/3S9D/confidence_3S9D_model_45.json
../22dataset_SIN_muts_YAML/Models/boltz_results_3S9D/predictions/3S9D/confidence_3S9D_model_0.json
../22dataset_SIN_muts_YAML/Models/boltz_results_3S9D/predictions/3S9D/confidence_3S9D_model_14.json
../22dataset_SIN_muts_YAML/Models/boltz_results_3S9D/predictions/3S9D/confidence_3S9D_model_31.json
../22dataset_SIN_muts_YAML/Models/boltz_results_3S9D/predictions/3S9D/confidence_3S9D_model_11.json
../22dataset_SIN_muts_YAML/Models/boltz_results_3S9D/predictions/3S9D/confidence_3S9D_model_36.json
../22dataset_SIN_muts_YAML/Models/boltz_results_3S9D/predictions/3S9D/confidence_3S9D_model_38.json
../22dataset_SIN_muts_YAML/Models/boltz_results_3S9D/predictions/3S9D/confidence_3S9D_model_26.json
../22dataset_SIN_muts_YAML/Models/boltz_results_3S9D/predictions/3S9D/confidence_3S9D_model_15.json
../22dataset_SIN_muts_YAML/Models/boltz_results_3S9D/predictions/3S9D/confidence_3S9D_model_27.json
../22dataset_SIN_muts_YAML/Models/boltz_results_3S9D/predictions/3S9D/confidence_3S9D_model_23.json
../22dataset_SIN_muts_YAML/Models/boltz_results_3S9D/predictions/3S9D/confidence_3S9D_model_4.json
../22dataset_SIN_muts_YAML/Models/boltz_results_3S9D/predictions/3S9D/confidence_3S9D_model_10.json
../22dataset_SIN_muts_YAML/Models/boltz_results_3S9D/predictions/3S9D/confidence_3S9D_model_44.json
../22dataset_SIN_muts_YAML/Models/boltz_results_3S9D/predictions/3S9D/confidence_3S9D_model_32.json
../22dataset_SIN_muts_YAML/Models/boltz_results_3S9D/predictions/3S9D/confidence_3S9D_model_21.json
../22dataset_SIN_muts_YAML/Models/boltz_results_3S9D/predictions/3S9D/confidence_3S9D_model_40.json
../22dataset_SIN_muts_YAML/Models/boltz_results_3S9D/predictions/3S9D/confidence_3S9D_model_43.json
../22dataset_SIN_muts_YAML/Models/boltz_results_3S9D/predictions/3S9D/confidence_3S9D_model_16.json
../22dataset_SIN_muts_YAML/Models/boltz_results_3S9D/predictions/3S9D/confidence_3S9D_model_35.json
../22dataset_SIN_muts_YAML/Models/boltz_results_3S9D/predictions/3S9D/confidence_3S9D_model_5.json
../22dataset_SIN_muts_YAML/Models/boltz_results_2FTL/predictions/2FTL/confidence_2FTL_model_49.json
../22dataset_SIN_muts_YAML/Models/boltz_results_2FTL/predictions/2FTL/confidence_2FTL_model_18.json
../22dataset_SIN_muts_YAML/Models/boltz_results_2FTL/predictions/2FTL/confidence_2FTL_model_39.json
../22dataset_SIN_muts_YAML/Models/boltz_results_2FTL/predictions/2FTL/confidence_2FTL_model_25.json
../22dataset_SIN_muts_YAML/Models/boltz_results_2FTL/predictions/2FTL/confidence_2FTL_model_46.json
../22dataset_SIN_muts_YAML/Models/boltz_results_2FTL/predictions/2FTL/confidence_2FTL_model_22.json
../22dataset_SIN_muts_YAML/Models/boltz_results_2FTL/predictions/2FTL/confidence_2FTL_model_13.json
../22dataset_SIN_muts_YAML/Models/boltz_results_2FTL/predictions/2FTL/confidence_2FTL_model_42.json
../22dataset_SIN_muts_YAML/Models/boltz_results_2FTL/predictions/2FTL/confidence_2FTL_model_30.json
../22dataset_SIN_muts_YAML/Models/boltz_results_2FTL/predictions/2FTL/confidence_2FTL_model_9.json
../22dataset_SIN_muts_YAML/Models/boltz_results_2FTL/predictions/2FTL/confidence_2FTL_model_19.json
../22dataset_SIN_muts_YAML/Models/boltz_results_2FTL/predictions/2FTL/confidence_2FTL_model_15.json
../22dataset_SIN_muts_YAML/Models/boltz_results_2FTL/predictions/2FTL/confidence_2FTL_model_17.json
../22dataset_SIN_muts_YAML/Models/boltz_results_2FTL/predictions/2FTL/confidence_2FTL_model_7.json
../22dataset_SIN_muts_YAML/Models/boltz_results_2FTL/predictions/2FTL/confidence_2FTL_model_38.json
../22dataset_SIN_muts_YAML/Models/boltz_results_2FTL/predictions/2FTL/confidence_2FTL_model_6.json
../22dataset_SIN_muts_YAML/Models/boltz_results_2FTL/predictions/2FTL/confidence_2FTL_model_23.json
../22dataset_SIN_muts_YAML/Models/boltz_results_2FTL/predictions/2FTL/confidence_2FTL_model_8.json
../22dataset_SIN_muts_YAML/Models/boltz_results_2FTL/predictions/2FTL/confidence_2FTL_model_1.json
../22dataset_SIN_muts_YAML/Models/boltz_results_2FTL/predictions/2FTL/confidence_2FTL_model_12.json
../22dataset_SIN_muts_YAML/Models/boltz_results_2FTL/predictions/2FTL/confidence_2FTL_model_11.json
../22dataset_SIN_muts_YAML/Models/boltz_results_2FTL/predictions/2FTL/confidence_2FTL_model_44.json
../22dataset_SIN_muts_YAML/Models/boltz_results_2FTL/predictions/2FTL/confidence_2FTL_model_28.json
../22dataset_SIN_muts_YAML/Models/boltz_results_2FTL/predictions/2FTL/confidence_2FTL_model_32.json
../22dataset_SIN_muts_YAML/Models/boltz_results_2FTL/predictions/2FTL/confidence_2FTL_model_14.json
../22dataset_SIN_muts_YAML/Models/boltz_results_2FTL/predictions/2FTL/confidence_2FTL_model_48.json
../22dataset_SIN_muts_YAML/Models/boltz_results_2FTL/predictions/2FTL/confidence_2FTL_model_4.json
../22dataset_SIN_muts_YAML/Models/boltz_results_2FTL/predictions/2FTL/confidence_2FTL_model_31.json
../22dataset_SIN_muts_YAML/Models/boltz_results_2FTL/predictions/2FTL/confidence_2FTL_model_10.json
../22dataset_SIN_muts_YAML/Models/boltz_results_2FTL/predictions/2FTL/confidence_2FTL_model_36.json
../22dataset_SIN_muts_YAML/Models/boltz_results_2FTL/predictions/2FTL/confidence_2FTL_model_41.json
../22dataset_SIN_muts_YAML/Models/boltz_results_2FTL/predictions/2FTL/confidence_2FTL_model_47.json
../22dataset_SIN_muts_YAML/Models/boltz_results_2FTL/predictions/2FTL/confidence_2FTL_model_3.json
../22dataset_SIN_muts_YAML/Models/boltz_results_2FTL/predictions/2FTL/confidence_2FTL_model_34.json
../22dataset_SIN_muts_YAML/Models/boltz_results_2FTL/predictions/2FTL/confidence_2FTL_model_35.json
../22dataset_SIN_muts_YAML/Models/boltz_results_2FTL/predictions/2FTL/confidence_2FTL_model_37.json
../22dataset_SIN_muts_YAML/Models/boltz_results_2FTL/predictions/2FTL/confidence_2FTL_model_16.json
../22dataset_SIN_muts_YAML/Models/boltz_results_2FTL/predictions/2FTL/confidence_2FTL_model_45.json
../22dataset_SIN_muts_YAML/Models/boltz_results_2FTL/predictions/2FTL/confidence_2FTL_model_27.json
../22dataset_SIN_muts_YAML/Models/boltz_results_2FTL/predictions/2FTL/confidence_2FTL_model_43.json
../22dataset_SIN_muts_YAML/Models/boltz_results_2FTL/predictions/2FTL/confidence_2FTL_model_21.json
../22dataset_SIN_muts_YAML/Models/boltz_results_2FTL/predictions/2FTL/confidence_2FTL_model_33.json
../22dataset_SIN_muts_YAML/Models/boltz_results_2FTL/predictions/2FTL/confidence_2FTL_model_40.json
../22dataset_SIN_muts_YAML/Models/boltz_results_2FTL/predictions/2FTL/confidence_2FTL_model_0.json
../22dataset_SIN_muts_YAML/Models/boltz_results_2FTL/predictions/2FTL/confidence_2FTL_model_26.json
../22dataset_SIN_muts_YAML/Models/boltz_results_2FTL/predictions/2FTL/confidence_2FTL_model_5.json
../22dataset_SIN_muts_YAML/Models/boltz_results_2FTL/predictions/2FTL/confidence_2FTL_model_2.json
../22dataset_SIN_muts_YAML/Models/boltz_results_2FTL/predictions/2FTL/confidence_2FTL_model_24.json
../22dataset_SIN_muts_YAML/Models/boltz_results_2FTL/predictions/2FTL/confidence_2FTL_model_20.json
../22dataset_SIN_muts_YAML/Models/boltz_results_2FTL/predictions/2FTL/confidence_2FTL_model_29.json
../22dataset_SIN_muts_YAML/Models/boltz_results_1C1Y/predictions/1C1Y/confidence_1C1Y_model_13.json
../22dataset_SIN_muts_YAML/Models/boltz_results_1C1Y/predictions/1C1Y/confidence_1C1Y_model_32.json
../22dataset_SIN_muts_YAML/Models/boltz_results_1C1Y/predictions/1C1Y/confidence_1C1Y_model_48.json
../22dataset_SIN_muts_YAML/Models/boltz_results_1C1Y/predictions/1C1Y/confidence_1C1Y_model_6.json
../22dataset_SIN_muts_YAML/Models/boltz_results_1C1Y/predictions/1C1Y/confidence_1C1Y_model_42.json
../22dataset_SIN_muts_YAML/Models/boltz_results_1C1Y/predictions/1C1Y/confidence_1C1Y_model_38.json
../22dataset_SIN_muts_YAML/Models/boltz_results_1C1Y/predictions/1C1Y/confidence_1C1Y_model_25.json
../22dataset_SIN_muts_YAML/Models/boltz_results_1C1Y/predictions/1C1Y/confidence_1C1Y_model_11.json
../22dataset_SIN_muts_YAML/Models/boltz_results_1C1Y/predictions/1C1Y/confidence_1C1Y_model_43.json
../22dataset_SIN_muts_YAML/Models/boltz_results_1C1Y/predictions/1C1Y/confidence_1C1Y_model_47.json
../22dataset_SIN_muts_YAML/Models/boltz_results_1C1Y/predictions/1C1Y/confidence_1C1Y_model_10.json
../22dataset_SIN_muts_YAML/Models/boltz_results_1C1Y/predictions/1C1Y/confidence_1C1Y_model_3.json
../22dataset_SIN_muts_YAML/Models/boltz_results_1C1Y/predictions/1C1Y/confidence_1C1Y_model_35.json
../22dataset_SIN_muts_YAML/Models/boltz_results_1C1Y/predictions/1C1Y/confidence_1C1Y_model_2.json
../22dataset_SIN_muts_YAML/Models/boltz_results_1C1Y/predictions/1C1Y/confidence_1C1Y_model_45.json
../22dataset_SIN_muts_YAML/Models/boltz_results_1C1Y/predictions/1C1Y/confidence_1C1Y_model_1.json
../22dataset_SIN_muts_YAML/Models/boltz_results_1C1Y/predictions/1C1Y/confidence_1C1Y_model_9.json
../22dataset_SIN_muts_YAML/Models/boltz_results_1C1Y/predictions/1C1Y/confidence_1C1Y_model_14.json
../22dataset_SIN_muts_YAML/Models/boltz_results_1C1Y/predictions/1C1Y/confidence_1C1Y_model_27.json
../22dataset_SIN_muts_YAML/Models/boltz_results_1C1Y/predictions/1C1Y/confidence_1C1Y_model_41.json
../22dataset_SIN_muts_YAML/Models/boltz_results_1C1Y/predictions/1C1Y/confidence_1C1Y_model_44.json
../22dataset_SIN_muts_YAML/Models/boltz_results_1C1Y/predictions/1C1Y/confidence_1C1Y_model_29.json
../22dataset_SIN_muts_YAML/Models/boltz_results_1C1Y/predictions/1C1Y/confidence_1C1Y_model_37.json
../22dataset_SIN_muts_YAML/Models/boltz_results_1C1Y/predictions/1C1Y/confidence_1C1Y_model_40.json
../22dataset_SIN_muts_YAML/Models/boltz_results_1C1Y/predictions/1C1Y/confidence_1C1Y_model_30.json
../22dataset_SIN_muts_YAML/Models/boltz_results_1C1Y/predictions/1C1Y/confidence_1C1Y_model_33.json
../22dataset_SIN_muts_YAML/Models/boltz_results_1C1Y/predictions/1C1Y/confidence_1C1Y_model_17.json
../22dataset_SIN_muts_YAML/Models/boltz_results_1C1Y/predictions/1C1Y/confidence_1C1Y_model_23.json
../22dataset_SIN_muts_YAML/Models/boltz_results_1C1Y/predictions/1C1Y/confidence_1C1Y_model_8.json
../22dataset_SIN_muts_YAML/Models/boltz_results_1C1Y/predictions/1C1Y/confidence_1C1Y_model_0.json
../22dataset_SIN_muts_YAML/Models/boltz_results_1C1Y/predictions/1C1Y/confidence_1C1Y_model_22.json
../22dataset_SIN_muts_YAML/Models/boltz_results_1C1Y/predictions/1C1Y/confidence_1C1Y_model_20.json
../22dataset_SIN_muts_YAML/Models/boltz_results_1C1Y/predictions/1C1Y/confidence_1C1Y_model_21.json
../22dataset_SIN_muts_YAML/Models/boltz_results_1C1Y/predictions/1C1Y/confidence_1C1Y_model_7.json
../22dataset_SIN_muts_YAML/Models/boltz_results_1C1Y/predictions/1C1Y/confidence_1C1Y_model_18.json
../22dataset_SIN_muts_YAML/Models/boltz_results_1C1Y/predictions/1C1Y/confidence_1C1Y_model_4.json
../22dataset_SIN_muts_YAML/Models/boltz_results_1C1Y/predictions/1C1Y/confidence_1C1Y_model_24.json
../22dataset_SIN_muts_YAML/Models/boltz_results_1C1Y/predictions/1C1Y/confidence_1C1Y_model_34.json
../22dataset_SIN_muts_YAML/Models/boltz_results_1C1Y/predictions/1C1Y/confidence_1C1Y_model_19.json
../22dataset_SIN_muts_YAML/Models/boltz_results_1C1Y/predictions/1C1Y/confidence_1C1Y_model_46.json
../22dataset_SIN_muts_YAML/Models/boltz_results_1C1Y/predictions/1C1Y/confidence_1C1Y_model_15.json
../22dataset_SIN_muts_YAML/Models/boltz_results_1C1Y/predictions/1C1Y/confidence_1C1Y_model_31.json
../22dataset_SIN_muts_YAML/Models/boltz_results_1C1Y/predictions/1C1Y/confidence_1C1Y_model_36.json
../22dataset_SIN_muts_YAML/Models/boltz_results_1C1Y/predictions/1C1Y/confidence_1C1Y_model_12.json
../22dataset_SIN_muts_YAML/Models/boltz_results_1C1Y/predictions/1C1Y/confidence_1C1Y_model_39.json
../22dataset_SIN_muts_YAML/Models/boltz_results_1C1Y/predictions/1C1Y/confidence_1C1Y_model_49.json
../22dataset_SIN_muts_YAML/Models/boltz_results_1C1Y/predictions/1C1Y/confidence_1C1Y_model_28.json
../22dataset_SIN_muts_YAML/Models/boltz_results_1C1Y/predictions/1C1Y/confidence_1C1Y_model_5.json
../22dataset_SIN_muts_YAML/Models/boltz_results_1C1Y/predictions/1C1Y/confidence_1C1Y_model_16.json
../22dataset_SIN_muts_YAML/Models/boltz_results_1C1Y/predictions/1C1Y/confidence_1C1Y_model_26.json
4OFY - [Errno 2] No such file or directory: '../22dataset_SIN_muts_YAML/Models/boltz_results_4OFY/predictions/4OFY'
3M62 - [Errno 2] No such file or directory: '../22dataset_SIN_muts_YAML/Models/boltz_results_3M62/predictions/3M62'
../22dataset_SIN_muts_YAML/Models/boltz_results_3EQS/predictions/3EQS/confidence_3EQS_model_1.json
../22dataset_SIN_muts_YAML/Models/boltz_results_3EQS/predictions/3EQS/confidence_3EQS_model_36.json
../22dataset_SIN_muts_YAML/Models/boltz_results_3EQS/predictions/3EQS/confidence_3EQS_model_21.json
../22dataset_SIN_muts_YAML/Models/boltz_results_3EQS/predictions/3EQS/confidence_3EQS_model_5.json
../22dataset_SIN_muts_YAML/Models/boltz_results_3EQS/predictions/3EQS/confidence_3EQS_model_16.json
../22dataset_SIN_muts_YAML/Models/boltz_results_3EQS/predictions/3EQS/confidence_3EQS_model_4.json
../22dataset_SIN_muts_YAML/Models/boltz_results_3EQS/predictions/3EQS/confidence_3EQS_model_33.json
../22dataset_SIN_muts_YAML/Models/boltz_results_3EQS/predictions/3EQS/confidence_3EQS_model_28.json
../22dataset_SIN_muts_YAML/Models/boltz_results_3EQS/predictions/3EQS/confidence_3EQS_model_40.json
../22dataset_SIN_muts_YAML/Models/boltz_results_3EQS/predictions/3EQS/confidence_3EQS_model_13.json
../22dataset_SIN_muts_YAML/Models/boltz_results_3EQS/predictions/3EQS/confidence_3EQS_model_9.json
../22dataset_SIN_muts_YAML/Models/boltz_results_3EQS/predictions/3EQS/confidence_3EQS_model_43.json
../22dataset_SIN_muts_YAML/Models/boltz_results_3EQS/predictions/3EQS/confidence_3EQS_model_44.json
../22dataset_SIN_muts_YAML/Models/boltz_results_3EQS/predictions/3EQS/confidence_3EQS_model_19.json
../22dataset_SIN_muts_YAML/Models/boltz_results_3EQS/predictions/3EQS/confidence_3EQS_model_20.json
../22dataset_SIN_muts_YAML/Models/boltz_results_3EQS/predictions/3EQS/confidence_3EQS_model_3.json
../22dataset_SIN_muts_YAML/Models/boltz_results_3EQS/predictions/3EQS/confidence_3EQS_model_8.json
../22dataset_SIN_muts_YAML/Models/boltz_results_3EQS/predictions/3EQS/confidence_3EQS_model_31.json
../22dataset_SIN_muts_YAML/Models/boltz_results_3EQS/predictions/3EQS/confidence_3EQS_model_48.json
../22dataset_SIN_muts_YAML/Models/boltz_results_3EQS/predictions/3EQS/confidence_3EQS_model_6.json
../22dataset_SIN_muts_YAML/Models/boltz_results_3EQS/predictions/3EQS/confidence_3EQS_model_25.json
../22dataset_SIN_muts_YAML/Models/boltz_results_3EQS/predictions/3EQS/confidence_3EQS_model_46.json
../22dataset_SIN_muts_YAML/Models/boltz_results_3EQS/predictions/3EQS/confidence_3EQS_model_12.json
../22dataset_SIN_muts_YAML/Models/boltz_results_3EQS/predictions/3EQS/confidence_3EQS_model_26.json
../22dataset_SIN_muts_YAML/Models/boltz_results_3EQS/predictions/3EQS/confidence_3EQS_model_15.json
../22dataset_SIN_muts_YAML/Models/boltz_results_3EQS/predictions/3EQS/confidence_3EQS_model_45.json
../22dataset_SIN_muts_YAML/Models/boltz_results_3EQS/predictions/3EQS/confidence_3EQS_model_39.json
../22dataset_SIN_muts_YAML/Models/boltz_results_3EQS/predictions/3EQS/confidence_3EQS_model_0.json
../22dataset_SIN_muts_YAML/Models/boltz_results_3EQS/predictions/3EQS/confidence_3EQS_model_23.json
../22dataset_SIN_muts_YAML/Models/boltz_results_3EQS/predictions/3EQS/confidence_3EQS_model_27.json
../22dataset_SIN_muts_YAML/Models/boltz_results_3EQS/predictions/3EQS/confidence_3EQS_model_41.json
../22dataset_SIN_muts_YAML/Models/boltz_results_3EQS/predictions/3EQS/confidence_3EQS_model_10.json
../22dataset_SIN_muts_YAML/Models/boltz_results_3EQS/predictions/3EQS/confidence_3EQS_model_35.json
../22dataset_SIN_muts_YAML/Models/boltz_results_3EQS/predictions/3EQS/confidence_3EQS_model_14.json
../22dataset_SIN_muts_YAML/Models/boltz_results_3EQS/predictions/3EQS/confidence_3EQS_model_42.json
../22dataset_SIN_muts_YAML/Models/boltz_results_3EQS/predictions/3EQS/confidence_3EQS_model_49.json
../22dataset_SIN_muts_YAML/Models/boltz_results_3EQS/predictions/3EQS/confidence_3EQS_model_11.json
../22dataset_SIN_muts_YAML/Models/boltz_results_3EQS/predictions/3EQS/confidence_3EQS_model_47.json
../22dataset_SIN_muts_YAML/Models/boltz_results_3EQS/predictions/3EQS/confidence_3EQS_model_29.json
../22dataset_SIN_muts_YAML/Models/boltz_results_3EQS/predictions/3EQS/confidence_3EQS_model_32.json
../22dataset_SIN_muts_YAML/Models/boltz_results_3EQS/predictions/3EQS/confidence_3EQS_model_37.json
../22dataset_SIN_muts_YAML/Models/boltz_results_3EQS/predictions/3EQS/confidence_3EQS_model_24.json
../22dataset_SIN_muts_YAML/Models/boltz_results_3EQS/predictions/3EQS/confidence_3EQS_model_22.json
../22dataset_SIN_muts_YAML/Models/boltz_results_3EQS/predictions/3EQS/confidence_3EQS_model_17.json
../22dataset_SIN_muts_YAML/Models/boltz_results_3EQS/predictions/3EQS/confidence_3EQS_model_38.json
../22dataset_SIN_muts_YAML/Models/boltz_results_3EQS/predictions/3EQS/confidence_3EQS_model_18.json
../22dataset_SIN_muts_YAML/Models/boltz_results_3EQS/predictions/3EQS/confidence_3EQS_model_2.json
../22dataset_SIN_muts_YAML/Models/boltz_results_3EQS/predictions/3EQS/confidence_3EQS_model_7.json
../22dataset_SIN_muts_YAML/Models/boltz_results_3EQS/predictions/3EQS/confidence_3EQS_model_34.json
../22dataset_SIN_muts_YAML/Models/boltz_results_3EQS/predictions/3EQS/confidence_3EQS_model_30.json
../22dataset_SIN_muts_YAML/Models/boltz_results_1E50/predictions/1E50/confidence_1E50_model_22.json
../22dataset_SIN_muts_YAML/Models/boltz_results_1E50/predictions/1E50/confidence_1E50_model_34.json
../22dataset_SIN_muts_YAML/Models/boltz_results_1E50/predictions/1E50/confidence_1E50_model_40.json
../22dataset_SIN_muts_YAML/Models/boltz_results_1E50/predictions/1E50/confidence_1E50_model_8.json
../22dataset_SIN_muts_YAML/Models/boltz_results_1E50/predictions/1E50/confidence_1E50_model_19.json
../22dataset_SIN_muts_YAML/Models/boltz_results_1E50/predictions/1E50/confidence_1E50_model_26.json
../22dataset_SIN_muts_YAML/Models/boltz_results_1E50/predictions/1E50/confidence_1E50_model_9.json
../22dataset_SIN_muts_YAML/Models/boltz_results_1E50/predictions/1E50/confidence_1E50_model_42.json
../22dataset_SIN_muts_YAML/Models/boltz_results_1E50/predictions/1E50/confidence_1E50_model_37.json
../22dataset_SIN_muts_YAML/Models/boltz_results_1E50/predictions/1E50/confidence_1E50_model_27.json
../22dataset_SIN_muts_YAML/Models/boltz_results_1E50/predictions/1E50/confidence_1E50_model_0.json
../22dataset_SIN_muts_YAML/Models/boltz_results_1E50/predictions/1E50/confidence_1E50_model_43.json
../22dataset_SIN_muts_YAML/Models/boltz_results_1E50/predictions/1E50/confidence_1E50_model_18.json
../22dataset_SIN_muts_YAML/Models/boltz_results_1E50/predictions/1E50/confidence_1E50_model_28.json
../22dataset_SIN_muts_YAML/Models/boltz_results_1E50/predictions/1E50/confidence_1E50_model_35.json
../22dataset_SIN_muts_YAML/Models/boltz_results_1E50/predictions/1E50/confidence_1E50_model_16.json
../22dataset_SIN_muts_YAML/Models/boltz_results_1E50/predictions/1E50/confidence_1E50_model_12.json
../22dataset_SIN_muts_YAML/Models/boltz_results_1E50/predictions/1E50/confidence_1E50_model_30.json
../22dataset_SIN_muts_YAML/Models/boltz_results_1E50/predictions/1E50/confidence_1E50_model_3.json
../22dataset_SIN_muts_YAML/Models/boltz_results_1E50/predictions/1E50/confidence_1E50_model_10.json
../22dataset_SIN_muts_YAML/Models/boltz_results_1E50/predictions/1E50/confidence_1E50_model_45.json
../22dataset_SIN_muts_YAML/Models/boltz_results_1E50/predictions/1E50/confidence_1E50_model_25.json
../22dataset_SIN_muts_YAML/Models/boltz_results_1E50/predictions/1E50/confidence_1E50_model_17.json
../22dataset_SIN_muts_YAML/Models/boltz_results_1E50/predictions/1E50/confidence_1E50_model_46.json
../22dataset_SIN_muts_YAML/Models/boltz_results_1E50/predictions/1E50/confidence_1E50_model_1.json
../22dataset_SIN_muts_YAML/Models/boltz_results_1E50/predictions/1E50/confidence_1E50_model_39.json
../22dataset_SIN_muts_YAML/Models/boltz_results_1E50/predictions/1E50/confidence_1E50_model_4.json
../22dataset_SIN_muts_YAML/Models/boltz_results_1E50/predictions/1E50/confidence_1E50_model_24.json
../22dataset_SIN_muts_YAML/Models/boltz_results_1E50/predictions/1E50/confidence_1E50_model_2.json
../22dataset_SIN_muts_YAML/Models/boltz_results_1E50/predictions/1E50/confidence_1E50_model_15.json
../22dataset_SIN_muts_YAML/Models/boltz_results_1E50/predictions/1E50/confidence_1E50_model_32.json
../22dataset_SIN_muts_YAML/Models/boltz_results_1E50/predictions/1E50/confidence_1E50_model_23.json
../22dataset_SIN_muts_YAML/Models/boltz_results_1E50/predictions/1E50/confidence_1E50_model_11.json
../22dataset_SIN_muts_YAML/Models/boltz_results_1E50/predictions/1E50/confidence_1E50_model_38.json
../22dataset_SIN_muts_YAML/Models/boltz_results_1E50/predictions/1E50/confidence_1E50_model_36.json
../22dataset_SIN_muts_YAML/Models/boltz_results_1E50/predictions/1E50/confidence_1E50_model_6.json
../22dataset_SIN_muts_YAML/Models/boltz_results_1E50/predictions/1E50/confidence_1E50_model_31.json
../22dataset_SIN_muts_YAML/Models/boltz_results_1E50/predictions/1E50/confidence_1E50_model_48.json
../22dataset_SIN_muts_YAML/Models/boltz_results_1E50/predictions/1E50/confidence_1E50_model_44.json
../22dataset_SIN_muts_YAML/Models/boltz_results_1E50/predictions/1E50/confidence_1E50_model_21.json
../22dataset_SIN_muts_YAML/Models/boltz_results_1E50/predictions/1E50/confidence_1E50_model_7.json
../22dataset_SIN_muts_YAML/Models/boltz_results_1E50/predictions/1E50/confidence_1E50_model_47.json
../22dataset_SIN_muts_YAML/Models/boltz_results_1E50/predictions/1E50/confidence_1E50_model_49.json
../22dataset_SIN_muts_YAML/Models/boltz_results_1E50/predictions/1E50/confidence_1E50_model_5.json
../22dataset_SIN_muts_YAML/Models/boltz_results_1E50/predictions/1E50/confidence_1E50_model_41.json
../22dataset_SIN_muts_YAML/Models/boltz_results_1E50/predictions/1E50/confidence_1E50_model_14.json
../22dataset_SIN_muts_YAML/Models/boltz_results_1E50/predictions/1E50/confidence_1E50_model_13.json
../22dataset_SIN_muts_YAML/Models/boltz_results_1E50/predictions/1E50/confidence_1E50_model_20.json
../22dataset_SIN_muts_YAML/Models/boltz_results_1E50/predictions/1E50/confidence_1E50_model_29.json
../22dataset_SIN_muts_YAML/Models/boltz_results_1E50/predictions/1E50/confidence_1E50_model_33.json
../22dataset_SIN_muts_YAML/Models/boltz_results_5F4E/predictions/5F4E/confidence_5F4E_model_29.json
../22dataset_SIN_muts_YAML/Models/boltz_results_5F4E/predictions/5F4E/confidence_5F4E_model_44.json
../22dataset_SIN_muts_YAML/Models/boltz_results_5F4E/predictions/5F4E/confidence_5F4E_model_27.json
../22dataset_SIN_muts_YAML/Models/boltz_results_5F4E/predictions/5F4E/confidence_5F4E_model_21.json
../22dataset_SIN_muts_YAML/Models/boltz_results_5F4E/predictions/5F4E/confidence_5F4E_model_8.json
../22dataset_SIN_muts_YAML/Models/boltz_results_5F4E/predictions/5F4E/confidence_5F4E_model_10.json
../22dataset_SIN_muts_YAML/Models/boltz_results_5F4E/predictions/5F4E/confidence_5F4E_model_32.json
../22dataset_SIN_muts_YAML/Models/boltz_results_5F4E/predictions/5F4E/confidence_5F4E_model_11.json
../22dataset_SIN_muts_YAML/Models/boltz_results_5F4E/predictions/5F4E/confidence_5F4E_model_3.json
../22dataset_SIN_muts_YAML/Models/boltz_results_5F4E/predictions/5F4E/confidence_5F4E_model_9.json
../22dataset_SIN_muts_YAML/Models/boltz_results_5F4E/predictions/5F4E/confidence_5F4E_model_33.json
../22dataset_SIN_muts_YAML/Models/boltz_results_5F4E/predictions/5F4E/confidence_5F4E_model_0.json
../22dataset_SIN_muts_YAML/Models/boltz_results_5F4E/predictions/5F4E/confidence_5F4E_model_39.json
../22dataset_SIN_muts_YAML/Models/boltz_results_5F4E/predictions/5F4E/confidence_5F4E_model_42.json
../22dataset_SIN_muts_YAML/Models/boltz_results_5F4E/predictions/5F4E/confidence_5F4E_model_2.json
../22dataset_SIN_muts_YAML/Models/boltz_results_5F4E/predictions/5F4E/confidence_5F4E_model_22.json
../22dataset_SIN_muts_YAML/Models/boltz_results_5F4E/predictions/5F4E/confidence_5F4E_model_48.json
../22dataset_SIN_muts_YAML/Models/boltz_results_5F4E/predictions/5F4E/confidence_5F4E_model_41.json
../22dataset_SIN_muts_YAML/Models/boltz_results_5F4E/predictions/5F4E/confidence_5F4E_model_30.json
../22dataset_SIN_muts_YAML/Models/boltz_results_5F4E/predictions/5F4E/confidence_5F4E_model_17.json
../22dataset_SIN_muts_YAML/Models/boltz_results_5F4E/predictions/5F4E/confidence_5F4E_model_15.json
../22dataset_SIN_muts_YAML/Models/boltz_results_5F4E/predictions/5F4E/confidence_5F4E_model_4.json
../22dataset_SIN_muts_YAML/Models/boltz_results_5F4E/predictions/5F4E/confidence_5F4E_model_45.json
../22dataset_SIN_muts_YAML/Models/boltz_results_5F4E/predictions/5F4E/confidence_5F4E_model_12.json
../22dataset_SIN_muts_YAML/Models/boltz_results_5F4E/predictions/5F4E/confidence_5F4E_model_36.json
../22dataset_SIN_muts_YAML/Models/boltz_results_5F4E/predictions/5F4E/confidence_5F4E_model_23.json
../22dataset_SIN_muts_YAML/Models/boltz_results_5F4E/predictions/5F4E/confidence_5F4E_model_25.json
../22dataset_SIN_muts_YAML/Models/boltz_results_5F4E/predictions/5F4E/confidence_5F4E_model_14.json
../22dataset_SIN_muts_YAML/Models/boltz_results_5F4E/predictions/5F4E/confidence_5F4E_model_49.json
../22dataset_SIN_muts_YAML/Models/boltz_results_5F4E/predictions/5F4E/confidence_5F4E_model_47.json
../22dataset_SIN_muts_YAML/Models/boltz_results_5F4E/predictions/5F4E/confidence_5F4E_model_37.json
../22dataset_SIN_muts_YAML/Models/boltz_results_5F4E/predictions/5F4E/confidence_5F4E_model_1.json
../22dataset_SIN_muts_YAML/Models/boltz_results_5F4E/predictions/5F4E/confidence_5F4E_model_6.json
../22dataset_SIN_muts_YAML/Models/boltz_results_5F4E/predictions/5F4E/confidence_5F4E_model_13.json
../22dataset_SIN_muts_YAML/Models/boltz_results_5F4E/predictions/5F4E/confidence_5F4E_model_38.json
../22dataset_SIN_muts_YAML/Models/boltz_results_5F4E/predictions/5F4E/confidence_5F4E_model_46.json
../22dataset_SIN_muts_YAML/Models/boltz_results_5F4E/predictions/5F4E/confidence_5F4E_model_18.json
../22dataset_SIN_muts_YAML/Models/boltz_results_5F4E/predictions/5F4E/confidence_5F4E_model_34.json
../22dataset_SIN_muts_YAML/Models/boltz_results_5F4E/predictions/5F4E/confidence_5F4E_model_26.json
../22dataset_SIN_muts_YAML/Models/boltz_results_5F4E/predictions/5F4E/confidence_5F4E_model_35.json
../22dataset_SIN_muts_YAML/Models/boltz_results_5F4E/predictions/5F4E/confidence_5F4E_model_28.json
../22dataset_SIN_muts_YAML/Models/boltz_results_5F4E/predictions/5F4E/confidence_5F4E_model_5.json
../22dataset_SIN_muts_YAML/Models/boltz_results_5F4E/predictions/5F4E/confidence_5F4E_model_43.json
../22dataset_SIN_muts_YAML/Models/boltz_results_5F4E/predictions/5F4E/confidence_5F4E_model_31.json
../22dataset_SIN_muts_YAML/Models/boltz_results_5F4E/predictions/5F4E/confidence_5F4E_model_7.json
../22dataset_SIN_muts_YAML/Models/boltz_results_5F4E/predictions/5F4E/confidence_5F4E_model_19.json
../22dataset_SIN_muts_YAML/Models/boltz_results_5F4E/predictions/5F4E/confidence_5F4E_model_40.json
../22dataset_SIN_muts_YAML/Models/boltz_results_5F4E/predictions/5F4E/confidence_5F4E_model_16.json
../22dataset_SIN_muts_YAML/Models/boltz_results_5F4E/predictions/5F4E/confidence_5F4E_model_20.json
../22dataset_SIN_muts_YAML/Models/boltz_results_5F4E/predictions/5F4E/confidence_5F4E_model_24.json
../22dataset_SIN_muts_YAML/Models/boltz_results_1A22/predictions/1A22/confidence_1A22_model_43.json
../22dataset_SIN_muts_YAML/Models/boltz_results_1A22/predictions/1A22/confidence_1A22_model_29.json
../22dataset_SIN_muts_YAML/Models/boltz_results_1A22/predictions/1A22/confidence_1A22_model_38.json
../22dataset_SIN_muts_YAML/Models/boltz_results_1A22/predictions/1A22/confidence_1A22_model_12.json
../22dataset_SIN_muts_YAML/Models/boltz_results_1A22/predictions/1A22/confidence_1A22_model_1.json
../22dataset_SIN_muts_YAML/Models/boltz_results_1A22/predictions/1A22/confidence_1A22_model_36.json
../22dataset_SIN_muts_YAML/Models/boltz_results_1A22/predictions/1A22/confidence_1A22_model_21.json
../22dataset_SIN_muts_YAML/Models/boltz_results_1A22/predictions/1A22/confidence_1A22_model_26.json
../22dataset_SIN_muts_YAML/Models/boltz_results_1A22/predictions/1A22/confidence_1A22_model_30.json
../22dataset_SIN_muts_YAML/Models/boltz_results_1A22/predictions/1A22/confidence_1A22_model_15.json
../22dataset_SIN_muts_YAML/Models/boltz_results_1A22/predictions/1A22/confidence_1A22_model_42.json
../22dataset_SIN_muts_YAML/Models/boltz_results_1A22/predictions/1A22/confidence_1A22_model_28.json
../22dataset_SIN_muts_YAML/Models/boltz_results_1A22/predictions/1A22/confidence_1A22_model_45.json
../22dataset_SIN_muts_YAML/Models/boltz_results_1A22/predictions/1A22/confidence_1A22_model_31.json
../22dataset_SIN_muts_YAML/Models/boltz_results_1A22/predictions/1A22/confidence_1A22_model_10.json
../22dataset_SIN_muts_YAML/Models/boltz_results_1A22/predictions/1A22/confidence_1A22_model_37.json
../22dataset_SIN_muts_YAML/Models/boltz_results_1A22/predictions/1A22/confidence_1A22_model_13.json
../22dataset_SIN_muts_YAML/Models/boltz_results_1A22/predictions/1A22/confidence_1A22_model_34.json
../22dataset_SIN_muts_YAML/Models/boltz_results_1A22/predictions/1A22/confidence_1A22_model_44.json
../22dataset_SIN_muts_YAML/Models/boltz_results_1A22/predictions/1A22/confidence_1A22_model_11.json
../22dataset_SIN_muts_YAML/Models/boltz_results_1A22/predictions/1A22/confidence_1A22_model_48.json
../22dataset_SIN_muts_YAML/Models/boltz_results_1A22/predictions/1A22/confidence_1A22_model_17.json
../22dataset_SIN_muts_YAML/Models/boltz_results_1A22/predictions/1A22/confidence_1A22_model_24.json
../22dataset_SIN_muts_YAML/Models/boltz_results_1A22/predictions/1A22/confidence_1A22_model_3.json
../22dataset_SIN_muts_YAML/Models/boltz_results_1A22/predictions/1A22/confidence_1A22_model_40.json
../22dataset_SIN_muts_YAML/Models/boltz_results_1A22/predictions/1A22/confidence_1A22_model_25.json
../22dataset_SIN_muts_YAML/Models/boltz_results_1A22/predictions/1A22/confidence_1A22_model_47.json
../22dataset_SIN_muts_YAML/Models/boltz_results_1A22/predictions/1A22/confidence_1A22_model_39.json
../22dataset_SIN_muts_YAML/Models/boltz_results_1A22/predictions/1A22/confidence_1A22_model_35.json
../22dataset_SIN_muts_YAML/Models/boltz_results_1A22/predictions/1A22/confidence_1A22_model_18.json
../22dataset_SIN_muts_YAML/Models/boltz_results_1A22/predictions/1A22/confidence_1A22_model_27.json
../22dataset_SIN_muts_YAML/Models/boltz_results_1A22/predictions/1A22/confidence_1A22_model_0.json
../22dataset_SIN_muts_YAML/Models/boltz_results_1A22/predictions/1A22/confidence_1A22_model_23.json
../22dataset_SIN_muts_YAML/Models/boltz_results_1A22/predictions/1A22/confidence_1A22_model_22.json
../22dataset_SIN_muts_YAML/Models/boltz_results_1A22/predictions/1A22/confidence_1A22_model_19.json
../22dataset_SIN_muts_YAML/Models/boltz_results_1A22/predictions/1A22/confidence_1A22_model_4.json
../22dataset_SIN_muts_YAML/Models/boltz_results_1A22/predictions/1A22/confidence_1A22_model_6.json
../22dataset_SIN_muts_YAML/Models/boltz_results_1A22/predictions/1A22/confidence_1A22_model_20.json
../22dataset_SIN_muts_YAML/Models/boltz_results_1A22/predictions/1A22/confidence_1A22_model_7.json
../22dataset_SIN_muts_YAML/Models/boltz_results_1A22/predictions/1A22/confidence_1A22_model_33.json
../22dataset_SIN_muts_YAML/Models/boltz_results_1A22/predictions/1A22/confidence_1A22_model_49.json
../22dataset_SIN_muts_YAML/Models/boltz_results_1A22/predictions/1A22/confidence_1A22_model_8.json
../22dataset_SIN_muts_YAML/Models/boltz_results_1A22/predictions/1A22/confidence_1A22_model_16.json
../22dataset_SIN_muts_YAML/Models/boltz_results_1A22/predictions/1A22/confidence_1A22_model_9.json
../22dataset_SIN_muts_YAML/Models/boltz_results_1A22/predictions/1A22/confidence_1A22_model_14.json
../22dataset_SIN_muts_YAML/Models/boltz_results_1A22/predictions/1A22/confidence_1A22_model_5.json
../22dataset_SIN_muts_YAML/Models/boltz_results_1A22/predictions/1A22/confidence_1A22_model_32.json
../22dataset_SIN_muts_YAML/Models/boltz_results_1A22/predictions/1A22/confidence_1A22_model_46.json
../22dataset_SIN_muts_YAML/Models/boltz_results_1A22/predictions/1A22/confidence_1A22_model_41.json
../22dataset_SIN_muts_YAML/Models/boltz_results_1A22/predictions/1A22/confidence_1A22_model_2.json
../22dataset_SIN_muts_YAML/Models/boltz_results_3MZG/predictions/3MZG/confidence_3MZG_model_35.json
../22dataset_SIN_muts_YAML/Models/boltz_results_3MZG/predictions/3MZG/confidence_3MZG_model_15.json
../22dataset_SIN_muts_YAML/Models/boltz_results_3MZG/predictions/3MZG/confidence_3MZG_model_17.json
../22dataset_SIN_muts_YAML/Models/boltz_results_3MZG/predictions/3MZG/confidence_3MZG_model_28.json
../22dataset_SIN_muts_YAML/Models/boltz_results_3MZG/predictions/3MZG/confidence_3MZG_model_14.json
../22dataset_SIN_muts_YAML/Models/boltz_results_3MZG/predictions/3MZG/confidence_3MZG_model_44.json
../22dataset_SIN_muts_YAML/Models/boltz_results_3MZG/predictions/3MZG/confidence_3MZG_model_39.json
../22dataset_SIN_muts_YAML/Models/boltz_results_3MZG/predictions/3MZG/confidence_3MZG_model_12.json
../22dataset_SIN_muts_YAML/Models/boltz_results_3MZG/predictions/3MZG/confidence_3MZG_model_27.json
../22dataset_SIN_muts_YAML/Models/boltz_results_3MZG/predictions/3MZG/confidence_3MZG_model_45.json
../22dataset_SIN_muts_YAML/Models/boltz_results_3MZG/predictions/3MZG/confidence_3MZG_model_36.json
../22dataset_SIN_muts_YAML/Models/boltz_results_3MZG/predictions/3MZG/confidence_3MZG_model_7.json
../22dataset_SIN_muts_YAML/Models/boltz_results_3MZG/predictions/3MZG/confidence_3MZG_model_40.json
../22dataset_SIN_muts_YAML/Models/boltz_results_3MZG/predictions/3MZG/confidence_3MZG_model_5.json
../22dataset_SIN_muts_YAML/Models/boltz_results_3MZG/predictions/3MZG/confidence_3MZG_model_49.json
../22dataset_SIN_muts_YAML/Models/boltz_results_3MZG/predictions/3MZG/confidence_3MZG_model_34.json
../22dataset_SIN_muts_YAML/Models/boltz_results_3MZG/predictions/3MZG/confidence_3MZG_model_31.json
../22dataset_SIN_muts_YAML/Models/boltz_results_3MZG/predictions/3MZG/confidence_3MZG_model_43.json
../22dataset_SIN_muts_YAML/Models/boltz_results_3MZG/predictions/3MZG/confidence_3MZG_model_25.json
../22dataset_SIN_muts_YAML/Models/boltz_results_3MZG/predictions/3MZG/confidence_3MZG_model_41.json
../22dataset_SIN_muts_YAML/Models/boltz_results_3MZG/predictions/3MZG/confidence_3MZG_model_1.json
../22dataset_SIN_muts_YAML/Models/boltz_results_3MZG/predictions/3MZG/confidence_3MZG_model_9.json
../22dataset_SIN_muts_YAML/Models/boltz_results_3MZG/predictions/3MZG/confidence_3MZG_model_10.json
../22dataset_SIN_muts_YAML/Models/boltz_results_3MZG/predictions/3MZG/confidence_3MZG_model_46.json
../22dataset_SIN_muts_YAML/Models/boltz_results_3MZG/predictions/3MZG/confidence_3MZG_model_26.json
../22dataset_SIN_muts_YAML/Models/boltz_results_3MZG/predictions/3MZG/confidence_3MZG_model_19.json
../22dataset_SIN_muts_YAML/Models/boltz_results_3MZG/predictions/3MZG/confidence_3MZG_model_33.json
../22dataset_SIN_muts_YAML/Models/boltz_results_3MZG/predictions/3MZG/confidence_3MZG_model_16.json
../22dataset_SIN_muts_YAML/Models/boltz_results_3MZG/predictions/3MZG/confidence_3MZG_model_42.json
../22dataset_SIN_muts_YAML/Models/boltz_results_3MZG/predictions/3MZG/confidence_3MZG_model_30.json
../22dataset_SIN_muts_YAML/Models/boltz_results_3MZG/predictions/3MZG/confidence_3MZG_model_4.json
../22dataset_SIN_muts_YAML/Models/boltz_results_3MZG/predictions/3MZG/confidence_3MZG_model_29.json
../22dataset_SIN_muts_YAML/Models/boltz_results_3MZG/predictions/3MZG/confidence_3MZG_model_0.json
../22dataset_SIN_muts_YAML/Models/boltz_results_3MZG/predictions/3MZG/confidence_3MZG_model_3.json
../22dataset_SIN_muts_YAML/Models/boltz_results_3MZG/predictions/3MZG/confidence_3MZG_model_48.json
../22dataset_SIN_muts_YAML/Models/boltz_results_3MZG/predictions/3MZG/confidence_3MZG_model_18.json
../22dataset_SIN_muts_YAML/Models/boltz_results_3MZG/predictions/3MZG/confidence_3MZG_model_2.json
../22dataset_SIN_muts_YAML/Models/boltz_results_3MZG/predictions/3MZG/confidence_3MZG_model_47.json
../22dataset_SIN_muts_YAML/Models/boltz_results_3MZG/predictions/3MZG/confidence_3MZG_model_38.json
../22dataset_SIN_muts_YAML/Models/boltz_results_3MZG/predictions/3MZG/confidence_3MZG_model_21.json
../22dataset_SIN_muts_YAML/Models/boltz_results_3MZG/predictions/3MZG/confidence_3MZG_model_6.json
../22dataset_SIN_muts_YAML/Models/boltz_results_3MZG/predictions/3MZG/confidence_3MZG_model_22.json
../22dataset_SIN_muts_YAML/Models/boltz_results_3MZG/predictions/3MZG/confidence_3MZG_model_24.json
../22dataset_SIN_muts_YAML/Models/boltz_results_3MZG/predictions/3MZG/confidence_3MZG_model_11.json
../22dataset_SIN_muts_YAML/Models/boltz_results_3MZG/predictions/3MZG/confidence_3MZG_model_20.json
../22dataset_SIN_muts_YAML/Models/boltz_results_3MZG/predictions/3MZG/confidence_3MZG_model_8.json
../22dataset_SIN_muts_YAML/Models/boltz_results_3MZG/predictions/3MZG/confidence_3MZG_model_32.json
../22dataset_SIN_muts_YAML/Models/boltz_results_3MZG/predictions/3MZG/confidence_3MZG_model_23.json
../22dataset_SIN_muts_YAML/Models/boltz_results_3MZG/predictions/3MZG/confidence_3MZG_model_37.json
../22dataset_SIN_muts_YAML/Models/boltz_results_3MZG/predictions/3MZG/confidence_3MZG_model_13.json
../22dataset_SIN_muts_YAML/Models/boltz_results_1K8R/predictions/1K8R/confidence_1K8R_model_31.json
../22dataset_SIN_muts_YAML/Models/boltz_results_1K8R/predictions/1K8R/confidence_1K8R_model_45.json
../22dataset_SIN_muts_YAML/Models/boltz_results_1K8R/predictions/1K8R/confidence_1K8R_model_26.json
../22dataset_SIN_muts_YAML/Models/boltz_results_1K8R/predictions/1K8R/confidence_1K8R_model_44.json
../22dataset_SIN_muts_YAML/Models/boltz_results_1K8R/predictions/1K8R/confidence_1K8R_model_1.json
../22dataset_SIN_muts_YAML/Models/boltz_results_1K8R/predictions/1K8R/confidence_1K8R_model_13.json
../22dataset_SIN_muts_YAML/Models/boltz_results_1K8R/predictions/1K8R/confidence_1K8R_model_5.json
../22dataset_SIN_muts_YAML/Models/boltz_results_1K8R/predictions/1K8R/confidence_1K8R_model_37.json
../22dataset_SIN_muts_YAML/Models/boltz_results_1K8R/predictions/1K8R/confidence_1K8R_model_4.json
../22dataset_SIN_muts_YAML/Models/boltz_results_1K8R/predictions/1K8R/confidence_1K8R_model_10.json
../22dataset_SIN_muts_YAML/Models/boltz_results_1K8R/predictions/1K8R/confidence_1K8R_model_16.json
../22dataset_SIN_muts_YAML/Models/boltz_results_1K8R/predictions/1K8R/confidence_1K8R_model_30.json
../22dataset_SIN_muts_YAML/Models/boltz_results_1K8R/predictions/1K8R/confidence_1K8R_model_22.json
../22dataset_SIN_muts_YAML/Models/boltz_results_1K8R/predictions/1K8R/confidence_1K8R_model_47.json
../22dataset_SIN_muts_YAML/Models/boltz_results_1K8R/predictions/1K8R/confidence_1K8R_model_41.json
../22dataset_SIN_muts_YAML/Models/boltz_results_1K8R/predictions/1K8R/confidence_1K8R_model_3.json
../22dataset_SIN_muts_YAML/Models/boltz_results_1K8R/predictions/1K8R/confidence_1K8R_model_18.json
../22dataset_SIN_muts_YAML/Models/boltz_results_1K8R/predictions/1K8R/confidence_1K8R_model_39.json
../22dataset_SIN_muts_YAML/Models/boltz_results_1K8R/predictions/1K8R/confidence_1K8R_model_12.json
../22dataset_SIN_muts_YAML/Models/boltz_results_1K8R/predictions/1K8R/confidence_1K8R_model_0.json
../22dataset_SIN_muts_YAML/Models/boltz_results_1K8R/predictions/1K8R/confidence_1K8R_model_38.json
../22dataset_SIN_muts_YAML/Models/boltz_results_1K8R/predictions/1K8R/confidence_1K8R_model_24.json
../22dataset_SIN_muts_YAML/Models/boltz_results_1K8R/predictions/1K8R/confidence_1K8R_model_8.json
../22dataset_SIN_muts_YAML/Models/boltz_results_1K8R/predictions/1K8R/confidence_1K8R_model_23.json
../22dataset_SIN_muts_YAML/Models/boltz_results_1K8R/predictions/1K8R/confidence_1K8R_model_25.json
../22dataset_SIN_muts_YAML/Models/boltz_results_1K8R/predictions/1K8R/confidence_1K8R_model_34.json
../22dataset_SIN_muts_YAML/Models/boltz_results_1K8R/predictions/1K8R/confidence_1K8R_model_28.json
../22dataset_SIN_muts_YAML/Models/boltz_results_1K8R/predictions/1K8R/confidence_1K8R_model_48.json
../22dataset_SIN_muts_YAML/Models/boltz_results_1K8R/predictions/1K8R/confidence_1K8R_model_21.json
../22dataset_SIN_muts_YAML/Models/boltz_results_1K8R/predictions/1K8R/confidence_1K8R_model_9.json
../22dataset_SIN_muts_YAML/Models/boltz_results_1K8R/predictions/1K8R/confidence_1K8R_model_32.json
../22dataset_SIN_muts_YAML/Models/boltz_results_1K8R/predictions/1K8R/confidence_1K8R_model_46.json
../22dataset_SIN_muts_YAML/Models/boltz_results_1K8R/predictions/1K8R/confidence_1K8R_model_7.json
../22dataset_SIN_muts_YAML/Models/boltz_results_1K8R/predictions/1K8R/confidence_1K8R_model_49.json
../22dataset_SIN_muts_YAML/Models/boltz_results_1K8R/predictions/1K8R/confidence_1K8R_model_6.json
../22dataset_SIN_muts_YAML/Models/boltz_results_1K8R/predictions/1K8R/confidence_1K8R_model_35.json
../22dataset_SIN_muts_YAML/Models/boltz_results_1K8R/predictions/1K8R/confidence_1K8R_model_14.json
../22dataset_SIN_muts_YAML/Models/boltz_results_1K8R/predictions/1K8R/confidence_1K8R_model_19.json
../22dataset_SIN_muts_YAML/Models/boltz_results_1K8R/predictions/1K8R/confidence_1K8R_model_36.json
../22dataset_SIN_muts_YAML/Models/boltz_results_1K8R/predictions/1K8R/confidence_1K8R_model_29.json
../22dataset_SIN_muts_YAML/Models/boltz_results_1K8R/predictions/1K8R/confidence_1K8R_model_33.json
../22dataset_SIN_muts_YAML/Models/boltz_results_1K8R/predictions/1K8R/confidence_1K8R_model_20.json
../22dataset_SIN_muts_YAML/Models/boltz_results_1K8R/predictions/1K8R/confidence_1K8R_model_17.json
../22dataset_SIN_muts_YAML/Models/boltz_results_1K8R/predictions/1K8R/confidence_1K8R_model_11.json
../22dataset_SIN_muts_YAML/Models/boltz_results_1K8R/predictions/1K8R/confidence_1K8R_model_27.json
../22dataset_SIN_muts_YAML/Models/boltz_results_1K8R/predictions/1K8R/confidence_1K8R_model_15.json
../22dataset_SIN_muts_YAML/Models/boltz_results_1K8R/predictions/1K8R/confidence_1K8R_model_42.json
../22dataset_SIN_muts_YAML/Models/boltz_results_1K8R/predictions/1K8R/confidence_1K8R_model_2.json
../22dataset_SIN_muts_YAML/Models/boltz_results_1K8R/predictions/1K8R/confidence_1K8R_model_43.json
../22dataset_SIN_muts_YAML/Models/boltz_results_1K8R/predictions/1K8R/confidence_1K8R_model_40.json
../22dataset_SIN_muts_YAML/Models/boltz_results_3Q8D/predictions/3Q8D/confidence_3Q8D_model_41.json
../22dataset_SIN_muts_YAML/Models/boltz_results_3Q8D/predictions/3Q8D/confidence_3Q8D_model_39.json
../22dataset_SIN_muts_YAML/Models/boltz_results_3Q8D/predictions/3Q8D/confidence_3Q8D_model_3.json
../22dataset_SIN_muts_YAML/Models/boltz_results_3Q8D/predictions/3Q8D/confidence_3Q8D_model_0.json
../22dataset_SIN_muts_YAML/Models/boltz_results_3Q8D/predictions/3Q8D/confidence_3Q8D_model_20.json
../22dataset_SIN_muts_YAML/Models/boltz_results_3Q8D/predictions/3Q8D/confidence_3Q8D_model_4.json
../22dataset_SIN_muts_YAML/Models/boltz_results_3Q8D/predictions/3Q8D/confidence_3Q8D_model_13.json
../22dataset_SIN_muts_YAML/Models/boltz_results_3Q8D/predictions/3Q8D/confidence_3Q8D_model_24.json
../22dataset_SIN_muts_YAML/Models/boltz_results_3Q8D/predictions/3Q8D/confidence_3Q8D_model_11.json
../22dataset_SIN_muts_YAML/Models/boltz_results_3Q8D/predictions/3Q8D/confidence_3Q8D_model_21.json
../22dataset_SIN_muts_YAML/Models/boltz_results_3Q8D/predictions/3Q8D/confidence_3Q8D_model_25.json
../22dataset_SIN_muts_YAML/Models/boltz_results_3Q8D/predictions/3Q8D/confidence_3Q8D_model_26.json
../22dataset_SIN_muts_YAML/Models/boltz_results_3Q8D/predictions/3Q8D/confidence_3Q8D_model_1.json
../22dataset_SIN_muts_YAML/Models/boltz_results_3Q8D/predictions/3Q8D/confidence_3Q8D_model_33.json
../22dataset_SIN_muts_YAML/Models/boltz_results_3Q8D/predictions/3Q8D/confidence_3Q8D_model_43.json
../22dataset_SIN_muts_YAML/Models/boltz_results_3Q8D/predictions/3Q8D/confidence_3Q8D_model_31.json
../22dataset_SIN_muts_YAML/Models/boltz_results_3Q8D/predictions/3Q8D/confidence_3Q8D_model_32.json
../22dataset_SIN_muts_YAML/Models/boltz_results_3Q8D/predictions/3Q8D/confidence_3Q8D_model_27.json
../22dataset_SIN_muts_YAML/Models/boltz_results_3Q8D/predictions/3Q8D/confidence_3Q8D_model_49.json
../22dataset_SIN_muts_YAML/Models/boltz_results_3Q8D/predictions/3Q8D/confidence_3Q8D_model_14.json
../22dataset_SIN_muts_YAML/Models/boltz_results_3Q8D/predictions/3Q8D/confidence_3Q8D_model_35.json
../22dataset_SIN_muts_YAML/Models/boltz_results_3Q8D/predictions/3Q8D/confidence_3Q8D_model_8.json
../22dataset_SIN_muts_YAML/Models/boltz_results_3Q8D/predictions/3Q8D/confidence_3Q8D_model_17.json
../22dataset_SIN_muts_YAML/Models/boltz_results_3Q8D/predictions/3Q8D/confidence_3Q8D_model_6.json
../22dataset_SIN_muts_YAML/Models/boltz_results_3Q8D/predictions/3Q8D/confidence_3Q8D_model_18.json
../22dataset_SIN_muts_YAML/Models/boltz_results_3Q8D/predictions/3Q8D/confidence_3Q8D_model_23.json
../22dataset_SIN_muts_YAML/Models/boltz_results_3Q8D/predictions/3Q8D/confidence_3Q8D_model_36.json
../22dataset_SIN_muts_YAML/Models/boltz_results_3Q8D/predictions/3Q8D/confidence_3Q8D_model_28.json
../22dataset_SIN_muts_YAML/Models/boltz_results_3Q8D/predictions/3Q8D/confidence_3Q8D_model_44.json
../22dataset_SIN_muts_YAML/Models/boltz_results_3Q8D/predictions/3Q8D/confidence_3Q8D_model_15.json
../22dataset_SIN_muts_YAML/Models/boltz_results_3Q8D/predictions/3Q8D/confidence_3Q8D_model_5.json
../22dataset_SIN_muts_YAML/Models/boltz_results_3Q8D/predictions/3Q8D/confidence_3Q8D_model_2.json
../22dataset_SIN_muts_YAML/Models/boltz_results_3Q8D/predictions/3Q8D/confidence_3Q8D_model_46.json
../22dataset_SIN_muts_YAML/Models/boltz_results_3Q8D/predictions/3Q8D/confidence_3Q8D_model_29.json
../22dataset_SIN_muts_YAML/Models/boltz_results_3Q8D/predictions/3Q8D/confidence_3Q8D_model_22.json
../22dataset_SIN_muts_YAML/Models/boltz_results_3Q8D/predictions/3Q8D/confidence_3Q8D_model_19.json
../22dataset_SIN_muts_YAML/Models/boltz_results_3Q8D/predictions/3Q8D/confidence_3Q8D_model_7.json
../22dataset_SIN_muts_YAML/Models/boltz_results_3Q8D/predictions/3Q8D/confidence_3Q8D_model_34.json
../22dataset_SIN_muts_YAML/Models/boltz_results_3Q8D/predictions/3Q8D/confidence_3Q8D_model_37.json
../22dataset_SIN_muts_YAML/Models/boltz_results_3Q8D/predictions/3Q8D/confidence_3Q8D_model_40.json
../22dataset_SIN_muts_YAML/Models/boltz_results_3Q8D/predictions/3Q8D/confidence_3Q8D_model_42.json
../22dataset_SIN_muts_YAML/Models/boltz_results_3Q8D/predictions/3Q8D/confidence_3Q8D_model_38.json
../22dataset_SIN_muts_YAML/Models/boltz_results_3Q8D/predictions/3Q8D/confidence_3Q8D_model_10.json
../22dataset_SIN_muts_YAML/Models/boltz_results_3Q8D/predictions/3Q8D/confidence_3Q8D_model_12.json
../22dataset_SIN_muts_YAML/Models/boltz_results_3Q8D/predictions/3Q8D/confidence_3Q8D_model_47.json
../22dataset_SIN_muts_YAML/Models/boltz_results_3Q8D/predictions/3Q8D/confidence_3Q8D_model_16.json
../22dataset_SIN_muts_YAML/Models/boltz_results_3Q8D/predictions/3Q8D/confidence_3Q8D_model_48.json
../22dataset_SIN_muts_YAML/Models/boltz_results_3Q8D/predictions/3Q8D/confidence_3Q8D_model_45.json
../22dataset_SIN_muts_YAML/Models/boltz_results_3Q8D/predictions/3Q8D/confidence_3Q8D_model_9.json
../22dataset_SIN_muts_YAML/Models/boltz_results_3Q8D/predictions/3Q8D/confidence_3Q8D_model_30.json
../22dataset_SIN_muts_YAML/Models/boltz_results_3EQY/predictions/3EQY/confidence_3EQY_model_48.json
../22dataset_SIN_muts_YAML/Models/boltz_results_3EQY/predictions/3EQY/confidence_3EQY_model_22.json
../22dataset_SIN_muts_YAML/Models/boltz_results_3EQY/predictions/3EQY/confidence_3EQY_model_38.json
../22dataset_SIN_muts_YAML/Models/boltz_results_3EQY/predictions/3EQY/confidence_3EQY_model_6.json
../22dataset_SIN_muts_YAML/Models/boltz_results_3EQY/predictions/3EQY/confidence_3EQY_model_19.json
../22dataset_SIN_muts_YAML/Models/boltz_results_3EQY/predictions/3EQY/confidence_3EQY_model_37.json
../22dataset_SIN_muts_YAML/Models/boltz_results_3EQY/predictions/3EQY/confidence_3EQY_model_46.json
../22dataset_SIN_muts_YAML/Models/boltz_results_3EQY/predictions/3EQY/confidence_3EQY_model_47.json
../22dataset_SIN_muts_YAML/Models/boltz_results_3EQY/predictions/3EQY/confidence_3EQY_model_17.json
../22dataset_SIN_muts_YAML/Models/boltz_results_3EQY/predictions/3EQY/confidence_3EQY_model_21.json
../22dataset_SIN_muts_YAML/Models/boltz_results_3EQY/predictions/3EQY/confidence_3EQY_model_33.json
../22dataset_SIN_muts_YAML/Models/boltz_results_3EQY/predictions/3EQY/confidence_3EQY_model_3.json
../22dataset_SIN_muts_YAML/Models/boltz_results_3EQY/predictions/3EQY/confidence_3EQY_model_49.json
../22dataset_SIN_muts_YAML/Models/boltz_results_3EQY/predictions/3EQY/confidence_3EQY_model_7.json
../22dataset_SIN_muts_YAML/Models/boltz_results_3EQY/predictions/3EQY/confidence_3EQY_model_24.json
../22dataset_SIN_muts_YAML/Models/boltz_results_3EQY/predictions/3EQY/confidence_3EQY_model_5.json
../22dataset_SIN_muts_YAML/Models/boltz_results_3EQY/predictions/3EQY/confidence_3EQY_model_8.json
../22dataset_SIN_muts_YAML/Models/boltz_results_3EQY/predictions/3EQY/confidence_3EQY_model_25.json
../22dataset_SIN_muts_YAML/Models/boltz_results_3EQY/predictions/3EQY/confidence_3EQY_model_2.json
../22dataset_SIN_muts_YAML/Models/boltz_results_3EQY/predictions/3EQY/confidence_3EQY_model_42.json
../22dataset_SIN_muts_YAML/Models/boltz_results_3EQY/predictions/3EQY/confidence_3EQY_model_40.json
../22dataset_SIN_muts_YAML/Models/boltz_results_3EQY/predictions/3EQY/confidence_3EQY_model_31.json
../22dataset_SIN_muts_YAML/Models/boltz_results_3EQY/predictions/3EQY/confidence_3EQY_model_35.json
../22dataset_SIN_muts_YAML/Models/boltz_results_3EQY/predictions/3EQY/confidence_3EQY_model_4.json
../22dataset_SIN_muts_YAML/Models/boltz_results_3EQY/predictions/3EQY/confidence_3EQY_model_15.json
../22dataset_SIN_muts_YAML/Models/boltz_results_3EQY/predictions/3EQY/confidence_3EQY_model_12.json
../22dataset_SIN_muts_YAML/Models/boltz_results_3EQY/predictions/3EQY/confidence_3EQY_model_28.json
../22dataset_SIN_muts_YAML/Models/boltz_results_3EQY/predictions/3EQY/confidence_3EQY_model_43.json
../22dataset_SIN_muts_YAML/Models/boltz_results_3EQY/predictions/3EQY/confidence_3EQY_model_0.json
../22dataset_SIN_muts_YAML/Models/boltz_results_3EQY/predictions/3EQY/confidence_3EQY_model_45.json
../22dataset_SIN_muts_YAML/Models/boltz_results_3EQY/predictions/3EQY/confidence_3EQY_model_32.json
../22dataset_SIN_muts_YAML/Models/boltz_results_3EQY/predictions/3EQY/confidence_3EQY_model_16.json
../22dataset_SIN_muts_YAML/Models/boltz_results_3EQY/predictions/3EQY/confidence_3EQY_model_41.json
../22dataset_SIN_muts_YAML/Models/boltz_results_3EQY/predictions/3EQY/confidence_3EQY_model_14.json
../22dataset_SIN_muts_YAML/Models/boltz_results_3EQY/predictions/3EQY/confidence_3EQY_model_34.json
../22dataset_SIN_muts_YAML/Models/boltz_results_3EQY/predictions/3EQY/confidence_3EQY_model_39.json
../22dataset_SIN_muts_YAML/Models/boltz_results_3EQY/predictions/3EQY/confidence_3EQY_model_36.json
../22dataset_SIN_muts_YAML/Models/boltz_results_3EQY/predictions/3EQY/confidence_3EQY_model_1.json
../22dataset_SIN_muts_YAML/Models/boltz_results_3EQY/predictions/3EQY/confidence_3EQY_model_44.json
../22dataset_SIN_muts_YAML/Models/boltz_results_3EQY/predictions/3EQY/confidence_3EQY_model_20.json
../22dataset_SIN_muts_YAML/Models/boltz_results_3EQY/predictions/3EQY/confidence_3EQY_model_26.json
../22dataset_SIN_muts_YAML/Models/boltz_results_3EQY/predictions/3EQY/confidence_3EQY_model_30.json
../22dataset_SIN_muts_YAML/Models/boltz_results_3EQY/predictions/3EQY/confidence_3EQY_model_29.json
../22dataset_SIN_muts_YAML/Models/boltz_results_3EQY/predictions/3EQY/confidence_3EQY_model_18.json
../22dataset_SIN_muts_YAML/Models/boltz_results_3EQY/predictions/3EQY/confidence_3EQY_model_27.json
../22dataset_SIN_muts_YAML/Models/boltz_results_3EQY/predictions/3EQY/confidence_3EQY_model_11.json
../22dataset_SIN_muts_YAML/Models/boltz_results_3EQY/predictions/3EQY/confidence_3EQY_model_9.json
../22dataset_SIN_muts_YAML/Models/boltz_results_3EQY/predictions/3EQY/confidence_3EQY_model_23.json
../22dataset_SIN_muts_YAML/Models/boltz_results_3EQY/predictions/3EQY/confidence_3EQY_model_13.json
../22dataset_SIN_muts_YAML/Models/boltz_results_3EQY/predictions/3EQY/confidence_3EQY_model_10.json